2015-08-17 18:30:05,378 INFO org.apache.hadoop.hdfs.server.namenode.NameNode: STARTUP_MSG: 
/************************************************************
STARTUP_MSG: Starting NameNode
STARTUP_MSG:   host = master/10.0.2.9
STARTUP_MSG:   args = []
STARTUP_MSG:   version = 1.2.1
STARTUP_MSG:   build = https://svn.apache.org/repos/asf/hadoop/common/branches/branch-1.2 -r 1503152; compiled by 'mattf' on Mon Jul 22 15:23:09 PDT 2013
STARTUP_MSG:   java = 1.7.0_79
************************************************************/
2015-08-17 18:30:05,637 INFO org.apache.hadoop.metrics2.impl.MetricsConfig: loaded properties from hadoop-metrics2.properties
2015-08-17 18:30:05,654 INFO org.apache.hadoop.metrics2.impl.MetricsSourceAdapter: MBean for source MetricsSystem,sub=Stats registered.
2015-08-17 18:30:05,655 INFO org.apache.hadoop.metrics2.impl.MetricsSystemImpl: Scheduled snapshot period at 10 second(s).
2015-08-17 18:30:05,655 INFO org.apache.hadoop.metrics2.impl.MetricsSystemImpl: NameNode metrics system started
2015-08-17 18:30:06,256 INFO org.apache.hadoop.metrics2.impl.MetricsSourceAdapter: MBean for source ugi registered.
2015-08-17 18:30:06,265 WARN org.apache.hadoop.metrics2.impl.MetricsSystemImpl: Source name ugi already exists!
2015-08-17 18:30:06,317 INFO org.apache.hadoop.metrics2.impl.MetricsSourceAdapter: MBean for source jvm registered.
2015-08-17 18:30:06,317 INFO org.apache.hadoop.metrics2.impl.MetricsSourceAdapter: MBean for source NameNode registered.
2015-08-17 18:30:06,421 INFO org.apache.hadoop.hdfs.util.GSet: Computing capacity for map BlocksMap
2015-08-17 18:30:06,422 INFO org.apache.hadoop.hdfs.util.GSet: VM type       = 64-bit
2015-08-17 18:30:06,422 INFO org.apache.hadoop.hdfs.util.GSet: 2.0% max memory = 1013645312
2015-08-17 18:30:06,422 INFO org.apache.hadoop.hdfs.util.GSet: capacity      = 2^21 = 2097152 entries
2015-08-17 18:30:06,422 INFO org.apache.hadoop.hdfs.util.GSet: recommended=2097152, actual=2097152
2015-08-17 18:30:06,465 INFO org.apache.hadoop.hdfs.server.namenode.FSNamesystem: fsOwner=hwb
2015-08-17 18:30:06,465 INFO org.apache.hadoop.hdfs.server.namenode.FSNamesystem: supergroup=supergroup
2015-08-17 18:30:06,465 INFO org.apache.hadoop.hdfs.server.namenode.FSNamesystem: isPermissionEnabled=true
2015-08-17 18:30:06,512 INFO org.apache.hadoop.hdfs.server.namenode.FSNamesystem: dfs.block.invalidate.limit=100
2015-08-17 18:30:06,512 INFO org.apache.hadoop.hdfs.server.namenode.FSNamesystem: isAccessTokenEnabled=false accessKeyUpdateInterval=0 min(s), accessTokenLifetime=0 min(s)
2015-08-17 18:30:06,677 INFO org.apache.hadoop.hdfs.server.namenode.FSNamesystem: Registered FSNamesystemStateMBean and NameNodeMXBean
2015-08-17 18:30:06,794 INFO org.apache.hadoop.hdfs.server.namenode.FSEditLog: dfs.namenode.edits.toleration.length = 0
2015-08-17 18:30:06,794 INFO org.apache.hadoop.hdfs.server.namenode.NameNode: Caching file names occuring more than 10 times 
2015-08-17 18:30:06,824 INFO org.apache.hadoop.hdfs.server.common.Storage: Start loading image file /tmp/hadoop-hwb/dfs/name/current/fsimage
2015-08-17 18:30:06,827 INFO org.apache.hadoop.hdfs.server.common.Storage: Number of files = 1
2015-08-17 18:30:06,830 INFO org.apache.hadoop.hdfs.server.common.Storage: Number of files under construction = 0
2015-08-17 18:30:06,830 INFO org.apache.hadoop.hdfs.server.common.Storage: Image file /tmp/hadoop-hwb/dfs/name/current/fsimage of size 109 bytes loaded in 0 seconds.
2015-08-17 18:30:06,831 INFO org.apache.hadoop.hdfs.server.namenode.FSEditLog: Start loading edits file /tmp/hadoop-hwb/dfs/name/current/edits
2015-08-17 18:30:07,271 INFO org.apache.hadoop.hdfs.server.namenode.FSEditLog: Invalid opcode, reached end of edit log Number of transactions found: 685.  Bytes read: 92278
2015-08-17 18:30:07,271 INFO org.apache.hadoop.hdfs.server.namenode.FSEditLog: Start checking end of edit log (/tmp/hadoop-hwb/dfs/name/current/edits) ...
2015-08-17 18:30:07,478 INFO org.apache.hadoop.hdfs.server.namenode.FSEditLog: Checked the bytes after the end of edit log (/tmp/hadoop-hwb/dfs/name/current/edits):
2015-08-17 18:30:07,478 INFO org.apache.hadoop.hdfs.server.namenode.FSEditLog:   Padding position  = 92278 (-1 means padding not found)
2015-08-17 18:30:07,478 INFO org.apache.hadoop.hdfs.server.namenode.FSEditLog:   Edit log length   = 1048580
2015-08-17 18:30:07,478 INFO org.apache.hadoop.hdfs.server.namenode.FSEditLog:   Read length       = 92278
2015-08-17 18:30:07,479 INFO org.apache.hadoop.hdfs.server.namenode.FSEditLog:   Corruption length = 0
2015-08-17 18:30:07,479 INFO org.apache.hadoop.hdfs.server.namenode.FSEditLog:   Toleration length = 0 (= dfs.namenode.edits.toleration.length)
2015-08-17 18:30:07,490 INFO org.apache.hadoop.hdfs.server.namenode.FSEditLog: Summary: |---------- Read=92278 ----------|-- Corrupt=0 --|-- Pad=956302 --|
2015-08-17 18:30:07,490 INFO org.apache.hadoop.hdfs.server.namenode.FSEditLog: Edits file /tmp/hadoop-hwb/dfs/name/current/edits of size 1048580 edits # 685 loaded in 0 seconds.
2015-08-17 18:30:07,596 INFO org.apache.hadoop.hdfs.server.common.Storage: Image file /tmp/hadoop-hwb/dfs/name/current/fsimage of size 35005 bytes saved in 0 seconds.
2015-08-17 18:30:07,768 INFO org.apache.hadoop.hdfs.server.namenode.FSEditLog: closing edit log: position=4, editlog=/tmp/hadoop-hwb/dfs/name/current/edits
2015-08-17 18:30:07,768 INFO org.apache.hadoop.hdfs.server.namenode.FSEditLog: close success: truncate to 4, editlog=/tmp/hadoop-hwb/dfs/name/current/edits
2015-08-17 18:30:07,896 INFO org.apache.hadoop.hdfs.server.namenode.NameCache: initialized with 2 entries 198 lookups
2015-08-17 18:30:07,896 INFO org.apache.hadoop.hdfs.server.namenode.FSNamesystem: Finished loading FSImage in 1439 msecs
2015-08-17 18:30:07,897 INFO org.apache.hadoop.hdfs.server.namenode.FSNamesystem: dfs.safemode.threshold.pct          = 0.9990000128746033
2015-08-17 18:30:07,945 INFO org.apache.hadoop.hdfs.server.namenode.FSNamesystem: dfs.namenode.safemode.min.datanodes = 0
2015-08-17 18:30:07,945 INFO org.apache.hadoop.hdfs.server.namenode.FSNamesystem: dfs.safemode.extension              = 30000
2015-08-17 18:30:07,945 INFO org.apache.hadoop.hdfs.server.namenode.FSNamesystem: Number of blocks excluded by safe block count: 0 total blocks: 98 and thus the safe blocks: 98
2015-08-17 18:30:07,946 INFO org.apache.hadoop.hdfs.StateChange: STATE* Safe mode ON 
The reported blocks is only 0 but the threshold is 0.9990 and the total blocks 98. Safe mode will be turned off automatically.
2015-08-17 18:30:07,986 INFO org.apache.hadoop.util.HostsFileReader: Refreshing hosts (include/exclude) list
2015-08-17 18:30:08,053 INFO org.apache.hadoop.metrics2.impl.MetricsSourceAdapter: MBean for source FSNamesystemMetrics registered.
2015-08-17 18:30:08,107 INFO org.apache.hadoop.ipc.Server: Starting SocketReader
2015-08-17 18:30:08,108 INFO org.apache.hadoop.metrics2.impl.MetricsSourceAdapter: MBean for source RpcDetailedActivityForPort9000 registered.
2015-08-17 18:30:08,108 INFO org.apache.hadoop.metrics2.impl.MetricsSourceAdapter: MBean for source RpcActivityForPort9000 registered.
2015-08-17 18:30:08,109 INFO org.apache.hadoop.hdfs.server.namenode.NameNode: Namenode up at: master/10.0.2.9:9000
2015-08-17 18:30:08,488 INFO org.mortbay.log: Logging to org.slf4j.impl.Log4jLoggerAdapter(org.mortbay.log) via org.mortbay.log.Slf4jLog
2015-08-17 18:30:08,651 INFO org.apache.hadoop.http.HttpServer: Added global filtersafety (class=org.apache.hadoop.http.HttpServer$QuotingInputFilter)
2015-08-17 18:30:08,677 INFO org.apache.hadoop.http.HttpServer: dfs.webhdfs.enabled = false
2015-08-17 18:30:08,694 INFO org.apache.hadoop.http.HttpServer: Port returned by webServer.getConnectors()[0].getLocalPort() before open() is -1. Opening the listener on 50070
2015-08-17 18:30:08,695 INFO org.apache.hadoop.http.HttpServer: listener.getLocalPort() returned 50070 webServer.getConnectors()[0].getLocalPort() returned 50070
2015-08-17 18:30:08,695 INFO org.apache.hadoop.http.HttpServer: Jetty bound to port 50070
2015-08-17 18:30:08,695 INFO org.mortbay.log: jetty-6.1.26
2015-08-17 18:30:10,884 INFO org.mortbay.log: Started SelectChannelConnector@0.0.0.0:50070
2015-08-17 18:30:10,884 INFO org.apache.hadoop.hdfs.server.namenode.NameNode: Web-server up at: 0.0.0.0:50070
2015-08-17 18:30:10,895 INFO org.apache.hadoop.ipc.Server: IPC Server Responder: starting
2015-08-17 18:30:10,896 INFO org.apache.hadoop.ipc.Server: IPC Server listener on 9000: starting
2015-08-17 18:30:10,900 INFO org.apache.hadoop.ipc.Server: IPC Server handler 0 on 9000: starting
2015-08-17 18:30:10,943 INFO org.apache.hadoop.ipc.Server: IPC Server handler 1 on 9000: starting
2015-08-17 18:30:10,957 INFO org.apache.hadoop.ipc.Server: IPC Server handler 3 on 9000: starting
2015-08-17 18:30:10,958 INFO org.apache.hadoop.ipc.Server: IPC Server handler 4 on 9000: starting
2015-08-17 18:30:10,958 INFO org.apache.hadoop.ipc.Server: IPC Server handler 5 on 9000: starting
2015-08-17 18:30:10,958 INFO org.apache.hadoop.ipc.Server: IPC Server handler 6 on 9000: starting
2015-08-17 18:30:10,958 INFO org.apache.hadoop.ipc.Server: IPC Server handler 7 on 9000: starting
2015-08-17 18:30:10,958 INFO org.apache.hadoop.ipc.Server: IPC Server handler 8 on 9000: starting
2015-08-17 18:30:10,959 INFO org.apache.hadoop.ipc.Server: IPC Server handler 2 on 9000: starting
2015-08-17 18:30:11,003 INFO org.apache.hadoop.ipc.Server: IPC Server handler 9 on 9000: starting
2015-08-17 18:30:12,103 INFO org.apache.hadoop.hdfs.StateChange: BLOCK* registerDatanode: node registration from 10.0.2.10:50010 storage DS-234344493-10.0.2.10-50010-1439829012160
2015-08-17 18:30:12,105 INFO org.apache.hadoop.net.NetworkTopology: Adding a new node: /default-rack/10.0.2.10:50010
2015-08-17 18:30:12,124 INFO org.apache.hadoop.hdfs.StateChange: *BLOCK* NameNode.blocksBeingWrittenReport: from 10.0.2.10:50010 0 blocks
2015-08-17 18:30:12,156 INFO org.apache.hadoop.hdfs.StateChange: *BLOCK* processReport: from 10.0.2.10:50010, blocks: 0, processing time: 0 msecs
2015-08-17 18:30:13,237 INFO org.apache.hadoop.hdfs.StateChange: BLOCK* registerDatanode: node registration from 10.0.2.9:50010 storage DS-673209495-10.0.2.9-50010-1439829013236
2015-08-17 18:30:13,237 INFO org.apache.hadoop.net.NetworkTopology: Adding a new node: /default-rack/10.0.2.9:50010
2015-08-17 18:30:13,265 INFO org.apache.hadoop.hdfs.StateChange: *BLOCK* NameNode.blocksBeingWrittenReport: from 10.0.2.9:50010 0 blocks
2015-08-17 18:30:13,318 INFO org.apache.hadoop.hdfs.StateChange: *BLOCK* processReport: from 10.0.2.9:50010, blocks: 0, processing time: 0 msecs
2015-08-17 18:35:13,901 ERROR org.apache.hadoop.security.UserGroupInformation: PriviledgedActionException as:hwb cause:org.apache.hadoop.hdfs.server.namenode.SafeModeException: Log not rolled. Name node is in safe mode.
The reported blocks is only 0 but the threshold is 0.9990 and the total blocks 98. Safe mode will be turned off automatically.
2015-08-17 18:35:13,901 INFO org.apache.hadoop.ipc.Server: IPC Server handler 6 on 9000, call rollEditLog() from 10.0.2.9:40175: error: org.apache.hadoop.hdfs.server.namenode.SafeModeException: Log not rolled. Name node is in safe mode.
The reported blocks is only 0 but the threshold is 0.9990 and the total blocks 98. Safe mode will be turned off automatically.
2015-08-17 18:40:13,912 ERROR org.apache.hadoop.security.UserGroupInformation: PriviledgedActionException as:hwb cause:org.apache.hadoop.hdfs.server.namenode.SafeModeException: Log not rolled. Name node is in safe mode.
The reported blocks is only 0 but the threshold is 0.9990 and the total blocks 98. Safe mode will be turned off automatically.
2015-08-17 18:40:13,913 INFO org.apache.hadoop.ipc.Server: IPC Server handler 8 on 9000, call rollEditLog() from 10.0.2.9:40176: error: org.apache.hadoop.hdfs.server.namenode.SafeModeException: Log not rolled. Name node is in safe mode.
The reported blocks is only 0 but the threshold is 0.9990 and the total blocks 98. Safe mode will be turned off automatically.
