2015-08-17 18:30:07,781 INFO org.apache.hadoop.hdfs.server.datanode.DataNode: STARTUP_MSG: 
/************************************************************
STARTUP_MSG: Starting DataNode
STARTUP_MSG:   host = master/10.0.2.9
STARTUP_MSG:   args = []
STARTUP_MSG:   version = 1.2.1
STARTUP_MSG:   build = https://svn.apache.org/repos/asf/hadoop/common/branches/branch-1.2 -r 1503152; compiled by 'mattf' on Mon Jul 22 15:23:09 PDT 2013
STARTUP_MSG:   java = 1.7.0_79
************************************************************/
2015-08-17 18:30:08,541 INFO org.apache.hadoop.metrics2.impl.MetricsConfig: loaded properties from hadoop-metrics2.properties
2015-08-17 18:30:08,574 INFO org.apache.hadoop.metrics2.impl.MetricsSourceAdapter: MBean for source MetricsSystem,sub=Stats registered.
2015-08-17 18:30:08,575 INFO org.apache.hadoop.metrics2.impl.MetricsSystemImpl: Scheduled snapshot period at 10 second(s).
2015-08-17 18:30:08,575 INFO org.apache.hadoop.metrics2.impl.MetricsSystemImpl: DataNode metrics system started
2015-08-17 18:30:09,593 INFO org.apache.hadoop.metrics2.impl.MetricsSourceAdapter: MBean for source ugi registered.
2015-08-17 18:30:09,659 WARN org.apache.hadoop.metrics2.impl.MetricsSystemImpl: Source name ugi already exists!
2015-08-17 18:30:11,043 INFO org.apache.hadoop.hdfs.server.common.Storage: Storage directory /home/hwb/dfsDataDir is not formatted
2015-08-17 18:30:11,044 INFO org.apache.hadoop.hdfs.server.common.Storage: Formatting ...
2015-08-17 18:30:11,250 INFO org.apache.hadoop.hdfs.server.datanode.DataNode: Registered FSDatasetStatusMBean
2015-08-17 18:30:11,290 INFO org.apache.hadoop.hdfs.server.datanode.DataNode: Opened data transfer server at 50010
2015-08-17 18:30:11,312 INFO org.apache.hadoop.hdfs.server.datanode.DataNode: Balancing bandwith is 1048576 bytes/s
2015-08-17 18:30:11,333 INFO org.apache.hadoop.util.NativeCodeLoader: Loaded the native-hadoop library
2015-08-17 18:30:11,565 INFO org.mortbay.log: Logging to org.slf4j.impl.Log4jLoggerAdapter(org.mortbay.log) via org.mortbay.log.Slf4jLog
2015-08-17 18:30:11,701 INFO org.apache.hadoop.http.HttpServer: Added global filtersafety (class=org.apache.hadoop.http.HttpServer$QuotingInputFilter)
2015-08-17 18:30:11,720 INFO org.apache.hadoop.hdfs.server.datanode.DataNode: dfs.webhdfs.enabled = false
2015-08-17 18:30:11,720 INFO org.apache.hadoop.http.HttpServer: Port returned by webServer.getConnectors()[0].getLocalPort() before open() is -1. Opening the listener on 50075
2015-08-17 18:30:11,720 INFO org.apache.hadoop.http.HttpServer: listener.getLocalPort() returned 50075 webServer.getConnectors()[0].getLocalPort() returned 50075
2015-08-17 18:30:11,720 INFO org.apache.hadoop.http.HttpServer: Jetty bound to port 50075
2015-08-17 18:30:11,720 INFO org.mortbay.log: jetty-6.1.26
2015-08-17 18:30:13,044 INFO org.mortbay.log: Started SelectChannelConnector@0.0.0.0:50075
2015-08-17 18:30:13,081 INFO org.apache.hadoop.metrics2.impl.MetricsSourceAdapter: MBean for source jvm registered.
2015-08-17 18:30:13,082 INFO org.apache.hadoop.metrics2.impl.MetricsSourceAdapter: MBean for source DataNode registered.
2015-08-17 18:30:13,181 INFO org.apache.hadoop.metrics2.impl.MetricsSourceAdapter: MBean for source RpcDetailedActivityForPort50020 registered.
2015-08-17 18:30:13,181 INFO org.apache.hadoop.metrics2.impl.MetricsSourceAdapter: MBean for source RpcActivityForPort50020 registered.
2015-08-17 18:30:13,182 INFO org.apache.hadoop.hdfs.server.datanode.DataNode: dnRegistration = DatanodeRegistration(master:50010, storageID=, infoPort=50075, ipcPort=50020)
2015-08-17 18:30:13,189 INFO org.apache.hadoop.ipc.Server: Starting SocketReader
2015-08-17 18:30:13,251 INFO org.apache.hadoop.hdfs.server.datanode.DataNode: New storage id DS-673209495-10.0.2.9-50010-1439829013236 is assigned to data-node 10.0.2.9:50010
2015-08-17 18:30:13,251 INFO org.apache.hadoop.hdfs.server.datanode.DataNode: Finished generating blocks being written report for 1 volumes in 0 seconds
2015-08-17 18:30:13,288 INFO org.apache.hadoop.hdfs.server.datanode.DataNode: Finished asynchronous block report scan in 22ms
2015-08-17 18:30:13,300 INFO org.apache.hadoop.hdfs.server.datanode.DataNode: DatanodeRegistration(10.0.2.9:50010, storageID=DS-673209495-10.0.2.9-50010-1439829013236, infoPort=50075, ipcPort=50020)In DataNode.run, data = FSDataset{dirpath='/home/hwb/dfsDataDir/current'}
2015-08-17 18:30:13,307 INFO org.apache.hadoop.ipc.Server: IPC Server Responder: starting
2015-08-17 18:30:13,308 INFO org.apache.hadoop.ipc.Server: IPC Server listener on 50020: starting
2015-08-17 18:30:13,308 INFO org.apache.hadoop.ipc.Server: IPC Server handler 0 on 50020: starting
2015-08-17 18:30:13,308 INFO org.apache.hadoop.ipc.Server: IPC Server handler 1 on 50020: starting
2015-08-17 18:30:13,308 INFO org.apache.hadoop.hdfs.server.datanode.DataNode: using BLOCKREPORT_INTERVAL of 3600000msec Initial delay: 0msec
2015-08-17 18:30:13,319 INFO org.apache.hadoop.hdfs.server.datanode.DataNode: BlockReport of 0 blocks took 0 msec to generate and 1 msecs for RPC and NN processing
2015-08-17 18:30:13,319 INFO org.apache.hadoop.hdfs.server.datanode.DataNode: Starting Periodic block scanner
2015-08-17 18:30:13,319 INFO org.apache.hadoop.ipc.Server: IPC Server handler 2 on 50020: starting
2015-08-17 18:30:13,319 INFO org.apache.hadoop.hdfs.server.datanode.DataNode: Generated rough (lockless) block report in 0 ms
