Fr 14. Aug 14:59:57 CEST 2015 Starting regionserver on master
/home/hwb/Documents/hbase-0.98.12-hadoop1/bin/hbase-daemon.sh: line 207: core: command not found
2015-08-14 14:59:58,323 INFO  [main] util.VersionInfo: HBase 0.98.12-hadoop1
2015-08-14 14:59:58,326 INFO  [main] util.VersionInfo: Subversion git://aspire/home/apurtell/src/hbase -r bbf8bf4362e858bd9bd0511c9289c31b09b7a927
2015-08-14 14:59:58,326 INFO  [main] util.VersionInfo: Compiled by apurtell on Thu Apr  9 18:55:45 PDT 2015
2015-08-14 14:59:58,897 INFO  [main] util.ServerCommandLine: env:LC_TELEPHONE=de_DE.UTF-8
2015-08-14 14:59:58,897 INFO  [main] util.ServerCommandLine: env:JAVA_HOME=/usr
2015-08-14 14:59:58,897 INFO  [main] util.ServerCommandLine: env:SHLVL=3
2015-08-14 14:59:58,897 INFO  [main] util.ServerCommandLine: env:HBASE_LOG_DIR=/home/hwb/Documents/hbase-0.98.12-hadoop1/bin/../logs
2015-08-14 14:59:58,897 INFO  [main] util.ServerCommandLine: env:HBASE_HOME=/home/hwb/Documents/hbase-0.98.12-hadoop1/bin/..
2015-08-14 14:59:58,897 INFO  [main] util.ServerCommandLine: env:HBASE_OPTS=-XX:+UseConcMarkSweepGC   -Dhbase.log.dir=/home/hwb/Documents/hbase-0.98.12-hadoop1/bin/../logs -Dhbase.log.file=hbase-hwb-regionserver-master.log -Dhbase.home.dir=/home/hwb/Documents/hbase-0.98.12-hadoop1/bin/.. -Dhbase.id.str=hwb -Dhbase.root.logger=INFO,RFA -Dhbase.security.logger=INFO,RFAS
2015-08-14 14:59:58,897 INFO  [main] util.ServerCommandLine: env:HBASE_ENV_INIT=true
2015-08-14 14:59:58,897 INFO  [main] util.ServerCommandLine: env:SSH_CLIENT=10.0.2.9 40157 22
2015-08-14 14:59:58,897 INFO  [main] util.ServerCommandLine: env:LC_NUMERIC=de_DE.UTF-8
2015-08-14 14:59:58,898 INFO  [main] util.ServerCommandLine: env:LC_NAME=de_DE.UTF-8
2015-08-14 14:59:58,898 INFO  [main] util.ServerCommandLine: env:MAIL=/var/mail/hwb
2015-08-14 14:59:58,898 INFO  [main] util.ServerCommandLine: env:HBASE_ZNODE_FILE=/tmp/hbase-hwb-regionserver.znode
2015-08-14 14:59:58,898 INFO  [main] util.ServerCommandLine: env:PWD=/home/hwb/Documents/hbase-0.98.12-hadoop1
2015-08-14 14:59:58,898 INFO  [main] util.ServerCommandLine: env:LC_PAPER=de_DE.UTF-8
2015-08-14 14:59:58,898 INFO  [main] util.ServerCommandLine: env:LOGNAME=hwb
2015-08-14 14:59:58,898 INFO  [main] util.ServerCommandLine: env:LC_IDENTIFICATION=de_DE.UTF-8
2015-08-14 14:59:58,898 INFO  [main] util.ServerCommandLine: env:HBASE_NICENESS=0
2015-08-14 14:59:58,898 INFO  [main] util.ServerCommandLine: env:HBASE_REST_OPTS=
2015-08-14 14:59:58,898 INFO  [main] util.ServerCommandLine: env:MALLOC_ARENA_MAX=4
2015-08-14 14:59:58,898 INFO  [main] util.ServerCommandLine: env:SSH_CONNECTION=10.0.2.9 40157 10.0.2.9 22
2015-08-14 14:59:58,898 INFO  [main] util.ServerCommandLine: env:LC_ADDRESS=de_DE.UTF-8
2015-08-14 14:59:58,898 INFO  [main] util.ServerCommandLine: env:SHELL=/bin/bash
2015-08-14 14:59:58,898 INFO  [main] util.ServerCommandLine: env:HBASE_ROOT_LOGGER=INFO,RFA
2015-08-14 14:59:58,901 INFO  [main] util.ServerCommandLine: env:CLASSPATH=/home/hwb/Documents/hbase-0.98.12-hadoop1/bin/../conf:/usr/lib/tools.jar:/home/hwb/Documents/hbase-0.98.12-hadoop1/bin/..:/home/hwb/Documents/hbase-0.98.12-hadoop1/bin/../lib/activation-1.1.jar:/home/hwb/Documents/hbase-0.98.12-hadoop1/bin/../lib/asm-3.1.jar:/home/hwb/Documents/hbase-0.98.12-hadoop1/bin/../lib/commons-beanutils-1.7.0.jar:/home/hwb/Documents/hbase-0.98.12-hadoop1/bin/../lib/commons-beanutils-core-1.8.0.jar:/home/hwb/Documents/hbase-0.98.12-hadoop1/bin/../lib/commons-cli-1.2.jar:/home/hwb/Documents/hbase-0.98.12-hadoop1/bin/../lib/commons-codec-1.7.jar:/home/hwb/Documents/hbase-0.98.12-hadoop1/bin/../lib/commons-collections-3.2.1.jar:/home/hwb/Documents/hbase-0.98.12-hadoop1/bin/../lib/commons-configuration-1.6.jar:/home/hwb/Documents/hbase-0.98.12-hadoop1/bin/../lib/commons-digester-1.8.jar:/home/hwb/Documents/hbase-0.98.12-hadoop1/bin/../lib/commons-el-1.0.jar:/home/hwb/Documents/hbase-0.98.12-hadoop1/bin/../lib/commons-httpclient-3.1.jar:/home/hwb/Documents/hbase-0.98.12-hadoop1/bin/../lib/commons-io-2.4.jar:/home/hwb/Documents/hbase-0.98.12-hadoop1/bin/../lib/commons-lang-2.6.jar:/home/hwb/Documents/hbase-0.98.12-hadoop1/bin/../lib/commons-logging-1.1.1.jar:/home/hwb/Documents/hbase-0.98.12-hadoop1/bin/../lib/commons-math-2.1.jar:/home/hwb/Documents/hbase-0.98.12-hadoop1/bin/../lib/commons-net-1.4.1.jar:/home/hwb/Documents/hbase-0.98.12-hadoop1/bin/../lib/findbugs-annotations-1.3.9-1.jar:/home/hwb/Documents/hbase-0.98.12-hadoop1/bin/../lib/guava-12.0.1.jar:/home/hwb/Documents/hbase-0.98.12-hadoop1/bin/../lib/hadoop-core-1.2.1.jar:/home/hwb/Documents/hbase-0.98.12-hadoop1/bin/../lib/hamcrest-core-1.3.jar:/home/hwb/Documents/hbase-0.98.12-hadoop1/bin/../lib/hbase-annotations-0.98.12-hadoop1.jar:/home/hwb/Documents/hbase-0.98.12-hadoop1/bin/../lib/hbase-checkstyle-0.98.12-hadoop1.jar:/home/hwb/Documents/hbase-0.98.12-hadoop1/bin/../lib/hbase-client-0.98.12-hadoop1.jar:/home/hwb/Documents/hbase-0.98.12-hadoop1/bin/../lib/hbase-common-0.98.12-hadoop1.jar:/home/hwb/Documents/hbase-0.98.12-hadoop1/bin/../lib/hbase-common-0.98.12-hadoop1-tests.jar:/home/hwb/Documents/hbase-0.98.12-hadoop1/bin/../lib/hbase-examples-0.98.12-hadoop1.jar:/home/hwb/Documents/hbase-0.98.12-hadoop1/bin/../lib/hbase-hadoop1-compat-0.98.12-hadoop1.jar:/home/hwb/Documents/hbase-0.98.12-hadoop1/bin/../lib/hbase-hadoop-compat-0.98.12-hadoop1.jar:/home/hwb/Documents/hbase-0.98.12-hadoop1/bin/../lib/hbase-it-0.98.12-hadoop1.jar:/home/hwb/Documents/hbase-0.98.12-hadoop1/bin/../lib/hbase-it-0.98.12-hadoop1-tests.jar:/home/hwb/Documents/hbase-0.98.12-hadoop1/bin/../lib/hbase-prefix-tree-0.98.12-hadoop1.jar:/home/hwb/Documents/hbase-0.98.12-hadoop1/bin/../lib/hbase-protocol-0.98.12-hadoop1.jar:/home/hwb/Documents/hbase-0.98.12-hadoop1/bin/../lib/hbase-rest-0.98.12-hadoop1.jar:/home/hwb/Documents/hbase-0.98.12-hadoop1/bin/../lib/hbase-server-0.98.12-hadoop1.jar:/home/hwb/Documents/hbase-0.98.12-hadoop1/bin/../lib/hbase-server-0.98.12-hadoop1-tests.jar:/home/hwb/Documents/hbase-0.98.12-hadoop1/bin/../lib/hbase-shell-0.98.12-hadoop1.jar:/home/hwb/Documents/hbase-0.98.12-hadoop1/bin/../lib/hbase-testing-util-0.98.12-hadoop1.jar:/home/hwb/Documents/hbase-0.98.12-hadoop1/bin/../lib/hbase-thrift-0.98.12-hadoop1.jar:/home/hwb/Documents/hbase-0.98.12-hadoop1/bin/../lib/high-scale-lib-1.1.1.jar:/home/hwb/Documents/hbase-0.98.12-hadoop1/bin/../lib/htrace-core-2.04.jar:/home/hwb/Documents/hbase-0.98.12-hadoop1/bin/../lib/httpclient-4.1.3.jar:/home/hwb/Documents/hbase-0.98.12-hadoop1/bin/../lib/httpcore-4.1.3.jar:/home/hwb/Documents/hbase-0.98.12-hadoop1/bin/../lib/jackson-core-asl-1.8.8.jar:/home/hwb/Documents/hbase-0.98.12-hadoop1/bin/../lib/jackson-jaxrs-1.8.8.jar:/home/hwb/Documents/hbase-0.98.12-hadoop1/bin/../lib/jackson-mapper-asl-1.8.8.jar:/home/hwb/Documents/hbase-0.98.12-hadoop1/bin/../lib/jackson-xc-1.8.8.jar:/home/hwb/Documents/hbase-0.98.12-hadoop1/bin/../lib/jamon-runtime-2.3.1.jar:/home/hwb/Documents/hbase-0.98.12-hadoop1/bin/../lib/jasper-compiler-5.5.23.jar:/home/hwb/Documents/hbase-0.98.12-hadoop1/bin/../lib/jasper-runtime-5.5.23.jar:/home/hwb/Documents/hbase-0.98.12-hadoop1/bin/../lib/jaxb-api-2.2.2.jar:/home/hwb/Documents/hbase-0.98.12-hadoop1/bin/../lib/jaxb-impl-2.2.3-1.jar:/home/hwb/Documents/hbase-0.98.12-hadoop1/bin/../lib/jcodings-1.0.8.jar:/home/hwb/Documents/hbase-0.98.12-hadoop1/bin/../lib/jersey-client-1.8.jar:/home/hwb/Documents/hbase-0.98.12-hadoop1/bin/../lib/jersey-core-1.8.jar:/home/hwb/Documents/hbase-0.98.12-hadoop1/bin/../lib/jersey-json-1.8.jar:/home/hwb/Documents/hbase-0.98.12-hadoop1/bin/../lib/jersey-server-1.8.jar:/home/hwb/Documents/hbase-0.98.12-hadoop1/bin/../lib/jettison-1.3.1.jar:/home/hwb/Documents/hbase-0.98.12-hadoop1/bin/../lib/jetty-6.1.26.jar:/home/hwb/Documents/hbase-0.98.12-hadoop1/bin/../lib/jetty-sslengine-6.1.26.jar:/home/hwb/Documents/hbase-0.98.12-hadoop1/bin/../lib/jetty-util-6.1.26.jar:/home/hwb/Documents/hbase-0.98.12-hadoop1/bin/../lib/joni-2.1.2.jar:/home/hwb/Documents/hbase-0.98.12-hadoop1/bin/../lib/jruby-complete-1.6.8.jar:/home/hwb/Documents/hbase-0.98.12-hadoop1/bin/../lib/jsp-2.1-6.1.14.jar:/home/hwb/Documents/hbase-0.98.12-hadoop1/bin/../lib/jsp-api-2.1-6.1.14.jar:/home/hwb/Documents/hbase-0.98.12-hadoop1/bin/../lib/jsr305-1.3.9.jar:/home/hwb/Documents/hbase-0.98.12-hadoop1/bin/../lib/junit-4.11.jar:/home/hwb/Documents/hbase-0.98.12-hadoop1/bin/../lib/libthrift-0.9.0.jar:/home/hwb/Documents/hbase-0.98.12-hadoop1/bin/../lib/log4j-1.2.17.jar:/home/hwb/Documents/hbase-0.98.12-hadoop1/bin/../lib/metrics-core-2.2.0.jar:/home/hwb/Documents/hbase-0.98.12-hadoop1/bin/../lib/netty-3.6.6.Final.jar:/home/hwb/Documents/hbase-0.98.12-hadoop1/bin/../lib/protobuf-java-2.5.0.jar:/home/hwb/Documents/hbase-0.98.12-hadoop1/bin/../lib/servlet-api-2.5-6.1.14.jar:/home/hwb/Documents/hbase-0.98.12-hadoop1/bin/../lib/slf4j-api-1.6.4.jar:/home/hwb/Documents/hbase-0.98.12-hadoop1/bin/../lib/slf4j-log4j12-1.6.4.jar:/home/hwb/Documents/hbase-0.98.12-hadoop1/bin/../lib/xmlenc-0.52.jar:/home/hwb/Documents/hbase-0.98.12-hadoop1/bin/../lib/zookeeper-3.4.6.jar:
2015-08-14 14:59:58,901 INFO  [main] util.ServerCommandLine: env:HBASE_THRIFT_OPTS=
2015-08-14 14:59:58,901 INFO  [main] util.ServerCommandLine: env:PATH=/usr/local/sbin:/usr/local/bin:/usr/sbin:/usr/bin:/sbin:/bin:/usr/games:/usr/local/games
2015-08-14 14:59:58,901 INFO  [main] util.ServerCommandLine: env:LC_MONETARY=de_DE.UTF-8
2015-08-14 14:59:58,901 INFO  [main] util.ServerCommandLine: env:USER=hwb
2015-08-14 14:59:58,901 INFO  [main] util.ServerCommandLine: env:HBASE_SECURITY_LOGGER=INFO,RFAS
2015-08-14 14:59:58,901 INFO  [main] util.ServerCommandLine: env:HOME=/home/hwb
2015-08-14 14:59:58,902 INFO  [main] util.ServerCommandLine: env:HBASE_START_FILE=/tmp/hbase-hwb-regionserver.autorestart
2015-08-14 14:59:58,902 INFO  [main] util.ServerCommandLine: env:XDG_SESSION_ID=66
2015-08-14 14:59:58,902 INFO  [main] util.ServerCommandLine: env:LC_MEASUREMENT=de_DE.UTF-8
2015-08-14 14:59:58,902 INFO  [main] util.ServerCommandLine: env:LC_TIME=de_DE.UTF-8
2015-08-14 14:59:58,902 INFO  [main] util.ServerCommandLine: env:HBASE_LOGFILE=hbase-hwb-regionserver-master.log
2015-08-14 14:59:58,902 INFO  [main] util.ServerCommandLine: env:XDG_RUNTIME_DIR=/run/user/1000
2015-08-14 14:59:58,913 INFO  [main] util.ServerCommandLine: env:LANG=en_US.UTF-8
2015-08-14 14:59:58,913 INFO  [main] util.ServerCommandLine: env:HBASE_LOG_PREFIX=hbase-hwb-regionserver-master
2015-08-14 14:59:58,913 INFO  [main] util.ServerCommandLine: env:HBASE_IDENT_STRING=hwb
2015-08-14 14:59:58,915 INFO  [main] util.ServerCommandLine: vmName=OpenJDK 64-Bit Server VM, vmVendor=Oracle Corporation, vmVersion=24.79-b02
2015-08-14 14:59:58,915 INFO  [main] util.ServerCommandLine: vmInputArguments=[-Dproc_regionserver, -XX:OnOutOfMemoryError=kill -9 %p, -Xmx1000m, -XX:+UseConcMarkSweepGC, -Dhbase.log.dir=/home/hwb/Documents/hbase-0.98.12-hadoop1/bin/../logs, -Dhbase.log.file=hbase-hwb-regionserver-master.log, -Dhbase.home.dir=/home/hwb/Documents/hbase-0.98.12-hadoop1/bin/.., -Dhbase.id.str=hwb, -Dhbase.root.logger=INFO,RFA, -Dhbase.security.logger=INFO,RFAS]
2015-08-14 14:59:59,745 DEBUG [main] regionserver.HRegionServer: regionserver/master/10.0.2.9:60020 HConnection server-to-server retries=350
2015-08-14 15:00:00,821 INFO  [main] ipc.SimpleRpcScheduler: Using default user call queue, count=3
2015-08-14 15:00:00,925 INFO  [main] ipc.RpcServer: regionserver/master/10.0.2.9:60020: started 10 reader(s).
2015-08-14 15:00:01,209 INFO  [main] impl.MetricsConfig: loaded properties from hadoop-metrics2-hbase.properties
2015-08-14 15:00:01,475 INFO  [main] impl.MetricsSourceAdapter: MBean for source MetricsSystem,sub=Stats registered.
2015-08-14 15:00:01,485 INFO  [main] impl.MetricsSystemImpl: Scheduled snapshot period at 10 second(s).
2015-08-14 15:00:01,485 INFO  [main] impl.MetricsSystemImpl: HBase metrics system started
2015-08-14 15:00:01,493 INFO  [main] impl.MetricsSourceAdapter: MBean for source jvm registered.
2015-08-14 15:00:01,508 INFO  [main] impl.MetricsSourceAdapter: MBean for source IPC,sub=IPC registered.
2015-08-14 15:00:01,841 INFO  [main] impl.MetricsSourceAdapter: MBean for source ugi registered.
2015-08-14 15:00:01,841 WARN  [main] impl.MetricsSystemImpl: Source name ugi already exists!
2015-08-14 15:00:01,849 INFO  [main] hfile.CacheConfig: Allocating LruBlockCache with maximum size 396.7m
2015-08-14 15:00:01,970 INFO  [main] mortbay.log: Logging to org.slf4j.impl.Log4jLoggerAdapter(org.mortbay.log) via org.mortbay.log.Slf4jLog
2015-08-14 15:00:02,087 INFO  [main] http.HttpServer: Added global filtersafety (class=org.apache.hadoop.http.HttpServer$QuotingInputFilter)
2015-08-14 15:00:02,106 INFO  [main] http.HttpServer: Port returned by webServer.getConnectors()[0].getLocalPort() before open() is -1. Opening the listener on 60030
2015-08-14 15:00:02,108 INFO  [main] http.HttpServer: listener.getLocalPort() returned 60030 webServer.getConnectors()[0].getLocalPort() returned 60030
2015-08-14 15:00:02,108 INFO  [main] http.HttpServer: Jetty bound to port 60030
2015-08-14 15:00:02,108 INFO  [main] mortbay.log: jetty-6.1.26
2015-08-14 15:00:03,692 INFO  [main] mortbay.log: Started SelectChannelConnector@0.0.0.0:60030
2015-08-14 15:00:03,823 INFO  [regionserver60020] zookeeper.RecoverableZooKeeper: Process identifier=regionserver:60020 connecting to ZooKeeper ensemble=master:2181
2015-08-14 15:00:03,840 INFO  [main] regionserver.ShutdownHook: Installed shutdown hook thread: Shutdownhook:regionserver60020
2015-08-14 15:00:03,859 INFO  [regionserver60020] zookeeper.ZooKeeper: Client environment:zookeeper.version=3.4.6-1569965, built on 02/20/2014 09:09 GMT
2015-08-14 15:00:03,860 INFO  [regionserver60020] zookeeper.ZooKeeper: Client environment:host.name=master
2015-08-14 15:00:03,860 INFO  [regionserver60020] zookeeper.ZooKeeper: Client environment:java.version=1.7.0_79
2015-08-14 15:00:03,860 INFO  [regionserver60020] zookeeper.ZooKeeper: Client environment:java.vendor=Oracle Corporation
2015-08-14 15:00:03,860 INFO  [regionserver60020] zookeeper.ZooKeeper: Client environment:java.home=/usr/lib/jvm/java-7-openjdk-amd64/jre
2015-08-14 15:00:03,860 INFO  [regionserver60020] zookeeper.ZooKeeper: Client environment:java.class.path=/home/hwb/Documents/hbase-0.98.12-hadoop1/bin/../conf:/usr/lib/tools.jar:/home/hwb/Documents/hbase-0.98.12-hadoop1/bin/..:/home/hwb/Documents/hbase-0.98.12-hadoop1/bin/../lib/activation-1.1.jar:/home/hwb/Documents/hbase-0.98.12-hadoop1/bin/../lib/asm-3.1.jar:/home/hwb/Documents/hbase-0.98.12-hadoop1/bin/../lib/commons-beanutils-1.7.0.jar:/home/hwb/Documents/hbase-0.98.12-hadoop1/bin/../lib/commons-beanutils-core-1.8.0.jar:/home/hwb/Documents/hbase-0.98.12-hadoop1/bin/../lib/commons-cli-1.2.jar:/home/hwb/Documents/hbase-0.98.12-hadoop1/bin/../lib/commons-codec-1.7.jar:/home/hwb/Documents/hbase-0.98.12-hadoop1/bin/../lib/commons-collections-3.2.1.jar:/home/hwb/Documents/hbase-0.98.12-hadoop1/bin/../lib/commons-configuration-1.6.jar:/home/hwb/Documents/hbase-0.98.12-hadoop1/bin/../lib/commons-digester-1.8.jar:/home/hwb/Documents/hbase-0.98.12-hadoop1/bin/../lib/commons-el-1.0.jar:/home/hwb/Documents/hbase-0.98.12-hadoop1/bin/../lib/commons-httpclient-3.1.jar:/home/hwb/Documents/hbase-0.98.12-hadoop1/bin/../lib/commons-io-2.4.jar:/home/hwb/Documents/hbase-0.98.12-hadoop1/bin/../lib/commons-lang-2.6.jar:/home/hwb/Documents/hbase-0.98.12-hadoop1/bin/../lib/commons-logging-1.1.1.jar:/home/hwb/Documents/hbase-0.98.12-hadoop1/bin/../lib/commons-math-2.1.jar:/home/hwb/Documents/hbase-0.98.12-hadoop1/bin/../lib/commons-net-1.4.1.jar:/home/hwb/Documents/hbase-0.98.12-hadoop1/bin/../lib/findbugs-annotations-1.3.9-1.jar:/home/hwb/Documents/hbase-0.98.12-hadoop1/bin/../lib/guava-12.0.1.jar:/home/hwb/Documents/hbase-0.98.12-hadoop1/bin/../lib/hadoop-core-1.2.1.jar:/home/hwb/Documents/hbase-0.98.12-hadoop1/bin/../lib/hamcrest-core-1.3.jar:/home/hwb/Documents/hbase-0.98.12-hadoop1/bin/../lib/hbase-annotations-0.98.12-hadoop1.jar:/home/hwb/Documents/hbase-0.98.12-hadoop1/bin/../lib/hbase-checkstyle-0.98.12-hadoop1.jar:/home/hwb/Documents/hbase-0.98.12-hadoop1/bin/../lib/hbase-client-0.98.12-hadoop1.jar:/home/hwb/Documents/hbase-0.98.12-hadoop1/bin/../lib/hbase-common-0.98.12-hadoop1.jar:/home/hwb/Documents/hbase-0.98.12-hadoop1/bin/../lib/hbase-common-0.98.12-hadoop1-tests.jar:/home/hwb/Documents/hbase-0.98.12-hadoop1/bin/../lib/hbase-examples-0.98.12-hadoop1.jar:/home/hwb/Documents/hbase-0.98.12-hadoop1/bin/../lib/hbase-hadoop1-compat-0.98.12-hadoop1.jar:/home/hwb/Documents/hbase-0.98.12-hadoop1/bin/../lib/hbase-hadoop-compat-0.98.12-hadoop1.jar:/home/hwb/Documents/hbase-0.98.12-hadoop1/bin/../lib/hbase-it-0.98.12-hadoop1.jar:/home/hwb/Documents/hbase-0.98.12-hadoop1/bin/../lib/hbase-it-0.98.12-hadoop1-tests.jar:/home/hwb/Documents/hbase-0.98.12-hadoop1/bin/../lib/hbase-prefix-tree-0.98.12-hadoop1.jar:/home/hwb/Documents/hbase-0.98.12-hadoop1/bin/../lib/hbase-protocol-0.98.12-hadoop1.jar:/home/hwb/Documents/hbase-0.98.12-hadoop1/bin/../lib/hbase-rest-0.98.12-hadoop1.jar:/home/hwb/Documents/hbase-0.98.12-hadoop1/bin/../lib/hbase-server-0.98.12-hadoop1.jar:/home/hwb/Documents/hbase-0.98.12-hadoop1/bin/../lib/hbase-server-0.98.12-hadoop1-tests.jar:/home/hwb/Documents/hbase-0.98.12-hadoop1/bin/../lib/hbase-shell-0.98.12-hadoop1.jar:/home/hwb/Documents/hbase-0.98.12-hadoop1/bin/../lib/hbase-testing-util-0.98.12-hadoop1.jar:/home/hwb/Documents/hbase-0.98.12-hadoop1/bin/../lib/hbase-thrift-0.98.12-hadoop1.jar:/home/hwb/Documents/hbase-0.98.12-hadoop1/bin/../lib/high-scale-lib-1.1.1.jar:/home/hwb/Documents/hbase-0.98.12-hadoop1/bin/../lib/htrace-core-2.04.jar:/home/hwb/Documents/hbase-0.98.12-hadoop1/bin/../lib/httpclient-4.1.3.jar:/home/hwb/Documents/hbase-0.98.12-hadoop1/bin/../lib/httpcore-4.1.3.jar:/home/hwb/Documents/hbase-0.98.12-hadoop1/bin/../lib/jackson-core-asl-1.8.8.jar:/home/hwb/Documents/hbase-0.98.12-hadoop1/bin/../lib/jackson-jaxrs-1.8.8.jar:/home/hwb/Documents/hbase-0.98.12-hadoop1/bin/../lib/jackson-mapper-asl-1.8.8.jar:/home/hwb/Documents/hbase-0.98.12-hadoop1/bin/../lib/jackson-xc-1.8.8.jar:/home/hwb/Documents/hbase-0.98.12-hadoop1/bin/../lib/jamon-runtime-2.3.1.jar:/home/hwb/Documents/hbase-0.98.12-hadoop1/bin/../lib/jasper-compiler-5.5.23.jar:/home/hwb/Documents/hbase-0.98.12-hadoop1/bin/../lib/jasper-runtime-5.5.23.jar:/home/hwb/Documents/hbase-0.98.12-hadoop1/bin/../lib/jaxb-api-2.2.2.jar:/home/hwb/Documents/hbase-0.98.12-hadoop1/bin/../lib/jaxb-impl-2.2.3-1.jar:/home/hwb/Documents/hbase-0.98.12-hadoop1/bin/../lib/jcodings-1.0.8.jar:/home/hwb/Documents/hbase-0.98.12-hadoop1/bin/../lib/jersey-client-1.8.jar:/home/hwb/Documents/hbase-0.98.12-hadoop1/bin/../lib/jersey-core-1.8.jar:/home/hwb/Documents/hbase-0.98.12-hadoop1/bin/../lib/jersey-json-1.8.jar:/home/hwb/Documents/hbase-0.98.12-hadoop1/bin/../lib/jersey-server-1.8.jar:/home/hwb/Documents/hbase-0.98.12-hadoop1/bin/../lib/jettison-1.3.1.jar:/home/hwb/Documents/hbase-0.98.12-hadoop1/bin/../lib/jetty-6.1.26.jar:/home/hwb/Documents/hbase-0.98.12-hadoop1/bin/../lib/jetty-sslengine-6.1.26.jar:/home/hwb/Documents/hbase-0.98.12-hadoop1/bin/../lib/jetty-util-6.1.26.jar:/home/hwb/Documents/hbase-0.98.12-hadoop1/bin/../lib/joni-2.1.2.jar:/home/hwb/Documents/hbase-0.98.12-hadoop1/bin/../lib/jruby-complete-1.6.8.jar:/home/hwb/Documents/hbase-0.98.12-hadoop1/bin/../lib/jsp-2.1-6.1.14.jar:/home/hwb/Documents/hbase-0.98.12-hadoop1/bin/../lib/jsp-api-2.1-6.1.14.jar:/home/hwb/Documents/hbase-0.98.12-hadoop1/bin/../lib/jsr305-1.3.9.jar:/home/hwb/Documents/hbase-0.98.12-hadoop1/bin/../lib/junit-4.11.jar:/home/hwb/Documents/hbase-0.98.12-hadoop1/bin/../lib/libthrift-0.9.0.jar:/home/hwb/Documents/hbase-0.98.12-hadoop1/bin/../lib/log4j-1.2.17.jar:/home/hwb/Documents/hbase-0.98.12-hadoop1/bin/../lib/metrics-core-2.2.0.jar:/home/hwb/Documents/hbase-0.98.12-hadoop1/bin/../lib/netty-3.6.6.Final.jar:/home/hwb/Documents/hbase-0.98.12-hadoop1/bin/../lib/protobuf-java-2.5.0.jar:/home/hwb/Documents/hbase-0.98.12-hadoop1/bin/../lib/servlet-api-2.5-6.1.14.jar:/home/hwb/Documents/hbase-0.98.12-hadoop1/bin/../lib/slf4j-api-1.6.4.jar:/home/hwb/Documents/hbase-0.98.12-hadoop1/bin/../lib/slf4j-log4j12-1.6.4.jar:/home/hwb/Documents/hbase-0.98.12-hadoop1/bin/../lib/xmlenc-0.52.jar:/home/hwb/Documents/hbase-0.98.12-hadoop1/bin/../lib/zookeeper-3.4.6.jar:
2015-08-14 15:00:03,860 INFO  [regionserver60020] zookeeper.ZooKeeper: Client environment:java.library.path=/usr/java/packages/lib/amd64:/usr/lib/x86_64-linux-gnu/jni:/lib/x86_64-linux-gnu:/usr/lib/x86_64-linux-gnu:/usr/lib/jni:/lib:/usr/lib
2015-08-14 15:00:03,860 INFO  [regionserver60020] zookeeper.ZooKeeper: Client environment:java.io.tmpdir=/tmp
2015-08-14 15:00:03,860 INFO  [regionserver60020] zookeeper.ZooKeeper: Client environment:java.compiler=<NA>
2015-08-14 15:00:03,860 INFO  [regionserver60020] zookeeper.ZooKeeper: Client environment:os.name=Linux
2015-08-14 15:00:03,860 INFO  [regionserver60020] zookeeper.ZooKeeper: Client environment:os.arch=amd64
2015-08-14 15:00:03,860 INFO  [regionserver60020] zookeeper.ZooKeeper: Client environment:os.version=3.16.0-30-generic
2015-08-14 15:00:03,860 INFO  [regionserver60020] zookeeper.ZooKeeper: Client environment:user.name=hwb
2015-08-14 15:00:03,860 INFO  [regionserver60020] zookeeper.ZooKeeper: Client environment:user.home=/home/hwb
2015-08-14 15:00:03,860 INFO  [regionserver60020] zookeeper.ZooKeeper: Client environment:user.dir=/home/hwb/Documents/hbase-0.98.12-hadoop1
2015-08-14 15:00:03,861 INFO  [regionserver60020] zookeeper.ZooKeeper: Initiating client connection, connectString=master:2181 sessionTimeout=90000 watcher=regionserver:600200x0, quorum=master:2181, baseZNode=/hbase
2015-08-14 15:00:04,040 INFO  [regionserver60020-SendThread(master:2181)] zookeeper.ClientCnxn: Opening socket connection to server master/10.0.2.9:2181. Will not attempt to authenticate using SASL (unknown error)
2015-08-14 15:00:04,044 INFO  [regionserver60020-SendThread(master:2181)] zookeeper.ClientCnxn: Socket connection established to master/10.0.2.9:2181, initiating session
2015-08-14 15:00:04,140 INFO  [regionserver60020-SendThread(master:2181)] zookeeper.ClientCnxn: Session establishment complete on server master/10.0.2.9:2181, sessionid = 0x14f2c4b96ad0002, negotiated timeout = 90000
2015-08-14 15:00:04,789 INFO  [regionserver60020] zookeeper.RecoverableZooKeeper: Process identifier=hconnection-0x5b17d6bc connecting to ZooKeeper ensemble=master:2181
2015-08-14 15:00:04,789 INFO  [regionserver60020] zookeeper.ZooKeeper: Initiating client connection, connectString=master:2181 sessionTimeout=90000 watcher=hconnection-0x5b17d6bc0x0, quorum=master:2181, baseZNode=/hbase
2015-08-14 15:00:04,790 INFO  [regionserver60020-SendThread(master:2181)] zookeeper.ClientCnxn: Opening socket connection to server master/10.0.2.9:2181. Will not attempt to authenticate using SASL (unknown error)
2015-08-14 15:00:04,792 INFO  [regionserver60020-SendThread(master:2181)] zookeeper.ClientCnxn: Socket connection established to master/10.0.2.9:2181, initiating session
2015-08-14 15:00:04,808 INFO  [regionserver60020-SendThread(master:2181)] zookeeper.ClientCnxn: Session establishment complete on server master/10.0.2.9:2181, sessionid = 0x14f2c4b96ad0004, negotiated timeout = 90000
2015-08-14 15:00:05,534 DEBUG [regionserver60020] catalog.CatalogTracker: Starting catalog tracker org.apache.hadoop.hbase.catalog.CatalogTracker@29f68ad9
2015-08-14 15:00:05,545 INFO  [regionserver60020] regionserver.HRegionServer: ClusterId : 436abae4-5a5c-4293-8987-69daae77d1a3
2015-08-14 15:00:05,548 INFO  [regionserver60020] procedure.RegionServerProcedureManagerHost: Procedure online-snapshot is initializing
2015-08-14 15:00:05,580 INFO  [regionserver60020] zookeeper.RecoverableZooKeeper: Node /hbase/online-snapshot/acquired already exists and this is not a retry
2015-08-14 15:00:05,640 INFO  [regionserver60020] procedure.RegionServerProcedureManagerHost: Procedure online-snapshot is initialized
2015-08-14 15:00:05,657 INFO  [regionserver60020] regionserver.MemStoreFlusher: globalMemStoreLimit=396.7m, globalMemStoreLimitLowMark=376.8m, maxHeap=991.7m
2015-08-14 15:00:05,661 INFO  [regionserver60020] regionserver.HRegionServer: CompactionChecker runs every 10sec
2015-08-14 15:00:05,686 INFO  [regionserver60020] regionserver.HRegionServer: reportForDuty to master=master,60000,1439557198115 with port=60020, startcode=1439557201559
2015-08-14 15:00:06,125 DEBUG [regionserver60020] regionserver.HRegionServer: Config from master: hbase.rootdir=hdfs://master:9000/hbase
2015-08-14 15:00:06,125 DEBUG [regionserver60020] regionserver.HRegionServer: Config from master: fs.default.name=hdfs://master:9000
2015-08-14 15:00:06,126 DEBUG [regionserver60020] regionserver.HRegionServer: Config from master: hbase.master.info.port=60010
2015-08-14 15:00:06,162 INFO  [regionserver60020] fs.HFileSystem: Added intercepting call to namenode#getBlockLocations so can do block reordering using class class org.apache.hadoop.hbase.fs.HFileSystem$ReorderWALBlocks
2015-08-14 15:00:06,276 DEBUG [regionserver60020] regionserver.HRegionServer: logdir=hdfs://master:9000/hbase/WALs/master,60020,1439557201559
2015-08-14 15:00:06,309 DEBUG [regionserver60020] regionserver.Replication: ReplicationStatisticsThread 300
2015-08-14 15:00:06,328 INFO  [regionserver60020] wal.FSHLog: WAL/HLog configuration: blocksize=64 MB, rollsize=60.8 MB, enabled=true
2015-08-14 15:00:06,427 INFO  [regionserver60020] wal.FSHLog: New WAL /hbase/WALs/master,60020,1439557201559/master%2C60020%2C1439557201559.1439557206339
2015-08-14 15:00:06,443 INFO  [regionserver60020] impl.MetricsSourceAdapter: MBean for source RegionServer,sub=WAL registered.
2015-08-14 15:00:06,450 INFO  [regionserver60020] regionserver.MetricsRegionServerWrapperImpl: Computing regionserver metrics every 5000 milliseconds
2015-08-14 15:00:06,457 INFO  [regionserver60020] impl.MetricsSourceAdapter: MBean for source RegionServer,sub=Server registered.
2015-08-14 15:00:06,461 DEBUG [regionserver60020] executor.ExecutorService: Starting executor service name=RS_OPEN_REGION-master:60020, corePoolSize=3, maxPoolSize=3
2015-08-14 15:00:06,461 DEBUG [regionserver60020] executor.ExecutorService: Starting executor service name=RS_OPEN_META-master:60020, corePoolSize=1, maxPoolSize=1
2015-08-14 15:00:06,462 DEBUG [regionserver60020] executor.ExecutorService: Starting executor service name=RS_CLOSE_REGION-master:60020, corePoolSize=3, maxPoolSize=3
2015-08-14 15:00:06,462 DEBUG [regionserver60020] executor.ExecutorService: Starting executor service name=RS_CLOSE_META-master:60020, corePoolSize=1, maxPoolSize=1
2015-08-14 15:00:06,462 DEBUG [regionserver60020] executor.ExecutorService: Starting executor service name=RS_LOG_REPLAY_OPS-master:60020, corePoolSize=2, maxPoolSize=2
2015-08-14 15:00:06,467 INFO  [regionserver60020] regionserver.ReplicationSourceManager: Current list of replicators: [master,60020,1439557201559] other RSs: [master,60020,1439557201559, rs1,60020,1439557198843]
2015-08-14 15:00:06,532 INFO  [regionserver60020] impl.MetricsSourceAdapter: MBean for source RegionServer,sub=Replication registered.
2015-08-14 15:00:06,537 INFO  [regionserver60020] zookeeper.RecoverableZooKeeper: Process identifier=hconnection-0x55c4b148 connecting to ZooKeeper ensemble=master:2181
2015-08-14 15:00:06,537 INFO  [regionserver60020] zookeeper.ZooKeeper: Initiating client connection, connectString=master:2181 sessionTimeout=90000 watcher=hconnection-0x55c4b1480x0, quorum=master:2181, baseZNode=/hbase
2015-08-14 15:00:06,542 INFO  [regionserver60020-SendThread(master:2181)] zookeeper.ClientCnxn: Opening socket connection to server master/10.0.2.9:2181. Will not attempt to authenticate using SASL (unknown error)
2015-08-14 15:00:06,546 INFO  [regionserver60020-SendThread(master:2181)] zookeeper.ClientCnxn: Socket connection established to master/10.0.2.9:2181, initiating session
2015-08-14 15:00:06,561 INFO  [regionserver60020-SendThread(master:2181)] zookeeper.ClientCnxn: Session establishment complete on server master/10.0.2.9:2181, sessionid = 0x14f2c4b96ad0007, negotiated timeout = 90000
2015-08-14 15:00:06,571 INFO  [RpcServer.responder] ipc.RpcServer: RpcServer.responder: starting
2015-08-14 15:00:06,572 INFO  [RpcServer.listener,port=60020] ipc.RpcServer: RpcServer.listener,port=60020: starting
2015-08-14 15:00:06,572 DEBUG [regionserver60020] ipc.RpcExecutor: B.Default Start Handler index=0 queue=0
2015-08-14 15:00:06,572 DEBUG [regionserver60020] ipc.RpcExecutor: B.Default Start Handler index=1 queue=1
2015-08-14 15:00:06,572 DEBUG [regionserver60020] ipc.RpcExecutor: B.Default Start Handler index=2 queue=2
2015-08-14 15:00:06,572 DEBUG [regionserver60020] ipc.RpcExecutor: B.Default Start Handler index=3 queue=0
2015-08-14 15:00:06,573 DEBUG [regionserver60020] ipc.RpcExecutor: B.Default Start Handler index=4 queue=1
2015-08-14 15:00:06,573 DEBUG [regionserver60020] ipc.RpcExecutor: B.Default Start Handler index=5 queue=2
2015-08-14 15:00:06,573 DEBUG [regionserver60020] ipc.RpcExecutor: B.Default Start Handler index=6 queue=0
2015-08-14 15:00:06,573 DEBUG [regionserver60020] ipc.RpcExecutor: B.Default Start Handler index=7 queue=1
2015-08-14 15:00:06,573 DEBUG [regionserver60020] ipc.RpcExecutor: B.Default Start Handler index=8 queue=2
2015-08-14 15:00:06,573 DEBUG [regionserver60020] ipc.RpcExecutor: B.Default Start Handler index=9 queue=0
2015-08-14 15:00:06,573 DEBUG [regionserver60020] ipc.RpcExecutor: B.Default Start Handler index=10 queue=1
2015-08-14 15:00:06,574 DEBUG [regionserver60020] ipc.RpcExecutor: B.Default Start Handler index=11 queue=2
2015-08-14 15:00:06,574 DEBUG [regionserver60020] ipc.RpcExecutor: B.Default Start Handler index=12 queue=0
2015-08-14 15:00:06,574 DEBUG [regionserver60020] ipc.RpcExecutor: B.Default Start Handler index=13 queue=1
2015-08-14 15:00:06,574 DEBUG [regionserver60020] ipc.RpcExecutor: B.Default Start Handler index=14 queue=2
2015-08-14 15:00:06,574 DEBUG [regionserver60020] ipc.RpcExecutor: B.Default Start Handler index=15 queue=0
2015-08-14 15:00:06,574 DEBUG [regionserver60020] ipc.RpcExecutor: B.Default Start Handler index=16 queue=1
2015-08-14 15:00:06,574 DEBUG [regionserver60020] ipc.RpcExecutor: B.Default Start Handler index=17 queue=2
2015-08-14 15:00:06,575 DEBUG [regionserver60020] ipc.RpcExecutor: B.Default Start Handler index=18 queue=0
2015-08-14 15:00:06,575 DEBUG [regionserver60020] ipc.RpcExecutor: B.Default Start Handler index=19 queue=1
2015-08-14 15:00:06,575 DEBUG [regionserver60020] ipc.RpcExecutor: B.Default Start Handler index=20 queue=2
2015-08-14 15:00:06,575 DEBUG [regionserver60020] ipc.RpcExecutor: B.Default Start Handler index=21 queue=0
2015-08-14 15:00:06,575 DEBUG [regionserver60020] ipc.RpcExecutor: B.Default Start Handler index=22 queue=1
2015-08-14 15:00:06,575 DEBUG [regionserver60020] ipc.RpcExecutor: B.Default Start Handler index=23 queue=2
2015-08-14 15:00:06,576 DEBUG [regionserver60020] ipc.RpcExecutor: B.Default Start Handler index=24 queue=0
2015-08-14 15:00:06,576 DEBUG [regionserver60020] ipc.RpcExecutor: B.Default Start Handler index=25 queue=1
2015-08-14 15:00:06,576 DEBUG [regionserver60020] ipc.RpcExecutor: B.Default Start Handler index=26 queue=2
2015-08-14 15:00:06,576 DEBUG [regionserver60020] ipc.RpcExecutor: B.Default Start Handler index=27 queue=0
2015-08-14 15:00:06,576 DEBUG [regionserver60020] ipc.RpcExecutor: B.Default Start Handler index=28 queue=1
2015-08-14 15:00:06,576 DEBUG [regionserver60020] ipc.RpcExecutor: B.Default Start Handler index=29 queue=2
2015-08-14 15:00:06,576 DEBUG [regionserver60020] ipc.RpcExecutor: Priority Start Handler index=0 queue=0
2015-08-14 15:00:06,577 DEBUG [regionserver60020] ipc.RpcExecutor: Priority Start Handler index=1 queue=0
2015-08-14 15:00:06,577 DEBUG [regionserver60020] ipc.RpcExecutor: Priority Start Handler index=2 queue=0
2015-08-14 15:00:06,577 DEBUG [regionserver60020] ipc.RpcExecutor: Priority Start Handler index=3 queue=0
2015-08-14 15:00:06,577 DEBUG [regionserver60020] ipc.RpcExecutor: Priority Start Handler index=4 queue=0
2015-08-14 15:00:06,577 DEBUG [regionserver60020] ipc.RpcExecutor: Priority Start Handler index=5 queue=0
2015-08-14 15:00:06,577 DEBUG [regionserver60020] ipc.RpcExecutor: Priority Start Handler index=6 queue=0
2015-08-14 15:00:06,577 DEBUG [regionserver60020] ipc.RpcExecutor: Priority Start Handler index=7 queue=0
2015-08-14 15:00:06,577 DEBUG [regionserver60020] ipc.RpcExecutor: Priority Start Handler index=8 queue=0
2015-08-14 15:00:06,578 DEBUG [regionserver60020] ipc.RpcExecutor: Priority Start Handler index=9 queue=0
2015-08-14 15:00:06,578 DEBUG [regionserver60020] ipc.RpcExecutor: Replication Start Handler index=0 queue=0
2015-08-14 15:00:06,578 DEBUG [regionserver60020] ipc.RpcExecutor: Replication Start Handler index=1 queue=0
2015-08-14 15:00:06,578 DEBUG [regionserver60020] ipc.RpcExecutor: Replication Start Handler index=2 queue=0
2015-08-14 15:00:06,608 INFO  [SplitLogWorker-master,60020,1439557201559] regionserver.SplitLogWorker: SplitLogWorker master,60020,1439557201559 starting
2015-08-14 15:00:06,608 INFO  [regionserver60020] regionserver.HRegionServer: Serving as master,60020,1439557201559, RpcServer on master/10.0.2.9:60020, sessionid=0x14f2c4b96ad0002
2015-08-14 15:00:06,617 INFO  [SplitLogWorker-master,60020,1439557201559] zookeeper.RecoverableZooKeeper: Process identifier=hconnection-0x7f1f554 connecting to ZooKeeper ensemble=master:2181
2015-08-14 15:00:06,618 INFO  [SplitLogWorker-master,60020,1439557201559] zookeeper.ZooKeeper: Initiating client connection, connectString=master:2181 sessionTimeout=90000 watcher=hconnection-0x7f1f5540x0, quorum=master:2181, baseZNode=/hbase
2015-08-14 15:00:06,619 INFO  [SplitLogWorker-master,60020,1439557201559-SendThread(master:2181)] zookeeper.ClientCnxn: Opening socket connection to server master/10.0.2.9:2181. Will not attempt to authenticate using SASL (unknown error)
2015-08-14 15:00:06,623 INFO  [regionserver60020] regionserver.RegionServerCoprocessorHost: System coprocessor loading is enabled
2015-08-14 15:00:06,623 INFO  [regionserver60020] regionserver.RegionServerCoprocessorHost: Table coprocessor loading is enabled
2015-08-14 15:00:06,623 INFO  [regionserver60020] procedure.RegionServerProcedureManagerHost: Procedure online-snapshot is starting
2015-08-14 15:00:06,623 DEBUG [regionserver60020] snapshot.RegionServerSnapshotManager: Start Snapshot Manager master,60020,1439557201559
2015-08-14 15:00:06,623 DEBUG [regionserver60020] procedure.ZKProcedureMemberRpcs: Starting procedure member 'master,60020,1439557201559'
2015-08-14 15:00:06,623 DEBUG [regionserver60020] procedure.ZKProcedureMemberRpcs: Checking for aborted procedures on node: '/hbase/online-snapshot/abort'
2015-08-14 15:00:06,624 DEBUG [regionserver60020] procedure.ZKProcedureMemberRpcs: Looking for new procedures under znode:'/hbase/online-snapshot/acquired'
2015-08-14 15:00:06,624 INFO  [regionserver60020] procedure.RegionServerProcedureManagerHost: Procedure online-snapshot is started
2015-08-14 15:00:06,627 INFO  [SplitLogWorker-master,60020,1439557201559-SendThread(master:2181)] zookeeper.ClientCnxn: Socket connection established to master/10.0.2.9:2181, initiating session
2015-08-14 15:00:06,631 INFO  [SplitLogWorker-master,60020,1439557201559-SendThread(master:2181)] zookeeper.ClientCnxn: Session establishment complete on server master/10.0.2.9:2181, sessionid = 0x14f2c4b96ad0008, negotiated timeout = 90000
2015-08-14 15:00:11,381 INFO  [PriorityRpcServer.handler=0,queue=0,port=60020] regionserver.HRegionServer: Open hbase:namespace,,1439557211042.23e15aed606563953df7eb87d01b1d59.
2015-08-14 15:00:11,461 DEBUG [RS_OPEN_REGION-master:60020-0] zookeeper.ZKAssign: regionserver:60020-0x14f2c4b96ad0002, quorum=master:2181, baseZNode=/hbase Transitioning 23e15aed606563953df7eb87d01b1d59 from M_ZK_REGION_OFFLINE to RS_ZK_REGION_OPENING
2015-08-14 15:00:11,494 DEBUG [RS_OPEN_REGION-master:60020-0] zookeeper.ZKAssign: regionserver:60020-0x14f2c4b96ad0002, quorum=master:2181, baseZNode=/hbase Transitioned node 23e15aed606563953df7eb87d01b1d59 from M_ZK_REGION_OFFLINE to RS_ZK_REGION_OPENING
2015-08-14 15:00:11,513 DEBUG [RS_OPEN_REGION-master:60020-0] regionserver.HRegion: Opening region: {ENCODED => 23e15aed606563953df7eb87d01b1d59, NAME => 'hbase:namespace,,1439557211042.23e15aed606563953df7eb87d01b1d59.', STARTKEY => '', ENDKEY => ''}
2015-08-14 15:00:11,624 INFO  [RS_OPEN_REGION-master:60020-0] impl.MetricsSourceAdapter: MBean for source RegionServer,sub=Regions registered.
2015-08-14 15:00:11,624 DEBUG [RS_OPEN_REGION-master:60020-0] regionserver.MetricsRegionSourceImpl: Creating new MetricsRegionSourceImpl for table namespace 23e15aed606563953df7eb87d01b1d59
2015-08-14 15:00:11,624 DEBUG [RS_OPEN_REGION-master:60020-0] regionserver.HRegion: Instantiated hbase:namespace,,1439557211042.23e15aed606563953df7eb87d01b1d59.
2015-08-14 15:00:11,704 INFO  [StoreOpener-23e15aed606563953df7eb87d01b1d59-1] compactions.CompactionConfiguration: size [134217728, 9223372036854775807); files [3, 10); ratio 1.200000; off-peak ratio 5.000000; throttle point 2684354560; major period 604800000, major jitter 0.500000, min locality to compact 0.000000"
2015-08-14 15:00:11,708 DEBUG [StoreOpener-23e15aed606563953df7eb87d01b1d59-1] regionserver.HRegionFileSystem: No StoreFiles for: hdfs://master:9000/hbase/data/hbase/namespace/23e15aed606563953df7eb87d01b1d59/info
2015-08-14 15:00:11,722 INFO  [StoreOpener-23e15aed606563953df7eb87d01b1d59-1] util.ChecksumType: Checksum using org.apache.hadoop.util.PureJavaCrc32
2015-08-14 15:00:11,730 DEBUG [RS_OPEN_REGION-master:60020-0] regionserver.HRegion: Found 0 recovered edits file(s) under hdfs://master:9000/hbase/data/hbase/namespace/23e15aed606563953df7eb87d01b1d59
2015-08-14 15:00:11,733 INFO  [RS_OPEN_REGION-master:60020-0] regionserver.HRegion: Onlined 23e15aed606563953df7eb87d01b1d59; next sequenceid=1
2015-08-14 15:00:11,733 DEBUG [RS_OPEN_REGION-master:60020-0] zookeeper.ZKAssign: regionserver:60020-0x14f2c4b96ad0002, quorum=master:2181, baseZNode=/hbase Attempting to retransition opening state of node 23e15aed606563953df7eb87d01b1d59
2015-08-14 15:00:11,736 INFO  [PostOpenDeployTasks:23e15aed606563953df7eb87d01b1d59] regionserver.HRegionServer: Post open deploy tasks for region=hbase:namespace,,1439557211042.23e15aed606563953df7eb87d01b1d59.
2015-08-14 15:00:11,834 INFO  [PostOpenDeployTasks:23e15aed606563953df7eb87d01b1d59] catalog.MetaEditor: Updated row hbase:namespace,,1439557211042.23e15aed606563953df7eb87d01b1d59. with server=master,60020,1439557201559
2015-08-14 15:00:11,835 INFO  [PostOpenDeployTasks:23e15aed606563953df7eb87d01b1d59] regionserver.HRegionServer: Finished post open deploy task for hbase:namespace,,1439557211042.23e15aed606563953df7eb87d01b1d59.
2015-08-14 15:00:11,835 DEBUG [RS_OPEN_REGION-master:60020-0] zookeeper.ZKAssign: regionserver:60020-0x14f2c4b96ad0002, quorum=master:2181, baseZNode=/hbase Transitioning 23e15aed606563953df7eb87d01b1d59 from RS_ZK_REGION_OPENING to RS_ZK_REGION_OPENED
2015-08-14 15:00:11,842 DEBUG [RS_OPEN_REGION-master:60020-0] zookeeper.ZKAssign: regionserver:60020-0x14f2c4b96ad0002, quorum=master:2181, baseZNode=/hbase Transitioned node 23e15aed606563953df7eb87d01b1d59 from RS_ZK_REGION_OPENING to RS_ZK_REGION_OPENED
2015-08-14 15:00:11,843 DEBUG [RS_OPEN_REGION-master:60020-0] handler.OpenRegionHandler: Transitioned 23e15aed606563953df7eb87d01b1d59 to OPENED in zk on master,60020,1439557201559
2015-08-14 15:00:11,843 DEBUG [RS_OPEN_REGION-master:60020-0] handler.OpenRegionHandler: Opened hbase:namespace,,1439557211042.23e15aed606563953df7eb87d01b1d59. on master,60020,1439557201559
2015-08-14 15:00:12,079 WARN  [regionserver60020-WAL.AsyncSyncer0] wal.FSHLog: HDFS pipeline error detected. Found 1 replicas but expecting no less than 3 replicas.  Requesting close of hlog. current pipeline: [10.0.2.9:50010]
2015-08-14 15:00:12,079 DEBUG [regionserver60020.logRoller] regionserver.LogRoller: HLog roll requested
2015-08-14 15:00:12,172 INFO  [regionserver60020.logRoller] wal.FSHLog: Rolled WAL /hbase/WALs/master,60020,1439557201559/master%2C60020%2C1439557201559.1439557206339 with entries=2, filesize=303.0; new WAL /hbase/WALs/master,60020,1439557201559/master%2C60020%2C1439557201559.1439557212079
2015-08-14 15:01:29,250 INFO  [PriorityRpcServer.handler=3,queue=0,port=60020] regionserver.HRegionServer: Open bt1,k0200,1439557285755.a7b220c234a47eb3b190a629577a59b8.
2015-08-14 15:01:29,453 INFO  [PriorityRpcServer.handler=3,queue=0,port=60020] regionserver.HRegionServer: Open bt1,k0800,1439557285756.8fc351a9c1756ce00c06ca9fffc85600.
2015-08-14 15:01:29,470 INFO  [PriorityRpcServer.handler=3,queue=0,port=60020] regionserver.HRegionServer: Open bt1,k0600,1439557285755.4a352770ca7a29937920a51902c3a1a3.
2015-08-14 15:01:29,472 DEBUG [RS_OPEN_REGION-master:60020-1] zookeeper.ZKAssign: regionserver:60020-0x14f2c4b96ad0002, quorum=master:2181, baseZNode=/hbase Transitioning a7b220c234a47eb3b190a629577a59b8 from M_ZK_REGION_OFFLINE to RS_ZK_REGION_OPENING
2015-08-14 15:01:29,500 DEBUG [RS_OPEN_REGION-master:60020-1] zookeeper.ZKAssign: regionserver:60020-0x14f2c4b96ad0002, quorum=master:2181, baseZNode=/hbase Transitioned node a7b220c234a47eb3b190a629577a59b8 from M_ZK_REGION_OFFLINE to RS_ZK_REGION_OPENING
2015-08-14 15:01:29,530 DEBUG [RS_OPEN_REGION-master:60020-2] zookeeper.ZKAssign: regionserver:60020-0x14f2c4b96ad0002, quorum=master:2181, baseZNode=/hbase Transitioning 8fc351a9c1756ce00c06ca9fffc85600 from M_ZK_REGION_OFFLINE to RS_ZK_REGION_OPENING
2015-08-14 15:01:29,539 DEBUG [RS_OPEN_REGION-master:60020-0] zookeeper.ZKAssign: regionserver:60020-0x14f2c4b96ad0002, quorum=master:2181, baseZNode=/hbase Transitioning 4a352770ca7a29937920a51902c3a1a3 from M_ZK_REGION_OFFLINE to RS_ZK_REGION_OPENING
2015-08-14 15:01:29,531 DEBUG [RS_OPEN_REGION-master:60020-1] regionserver.HRegion: Opening region: {ENCODED => a7b220c234a47eb3b190a629577a59b8, NAME => 'bt1,k0200,1439557285755.a7b220c234a47eb3b190a629577a59b8.', STARTKEY => 'k0200', ENDKEY => 'k0400'}
2015-08-14 15:01:29,641 DEBUG [RS_OPEN_REGION-master:60020-1] regionserver.MetricsRegionSourceImpl: Creating new MetricsRegionSourceImpl for table bt1 a7b220c234a47eb3b190a629577a59b8
2015-08-14 15:01:29,665 DEBUG [RS_OPEN_REGION-master:60020-0] zookeeper.ZKAssign: regionserver:60020-0x14f2c4b96ad0002, quorum=master:2181, baseZNode=/hbase Transitioned node 4a352770ca7a29937920a51902c3a1a3 from M_ZK_REGION_OFFLINE to RS_ZK_REGION_OPENING
2015-08-14 15:01:29,670 DEBUG [RS_OPEN_REGION-master:60020-0] regionserver.HRegion: Opening region: {ENCODED => 4a352770ca7a29937920a51902c3a1a3, NAME => 'bt1,k0600,1439557285755.4a352770ca7a29937920a51902c3a1a3.', STARTKEY => 'k0600', ENDKEY => 'k0800'}
2015-08-14 15:01:29,677 DEBUG [RS_OPEN_REGION-master:60020-2] zookeeper.ZKAssign: regionserver:60020-0x14f2c4b96ad0002, quorum=master:2181, baseZNode=/hbase Transitioned node 8fc351a9c1756ce00c06ca9fffc85600 from M_ZK_REGION_OFFLINE to RS_ZK_REGION_OPENING
2015-08-14 15:01:29,701 DEBUG [RS_OPEN_REGION-master:60020-2] regionserver.HRegion: Opening region: {ENCODED => 8fc351a9c1756ce00c06ca9fffc85600, NAME => 'bt1,k0800,1439557285756.8fc351a9c1756ce00c06ca9fffc85600.', STARTKEY => 'k0800', ENDKEY => ''}
2015-08-14 15:01:29,707 DEBUG [RS_OPEN_REGION-master:60020-0] regionserver.MetricsRegionSourceImpl: Creating new MetricsRegionSourceImpl for table bt1 4a352770ca7a29937920a51902c3a1a3
2015-08-14 15:01:29,724 DEBUG [RS_OPEN_REGION-master:60020-1] regionserver.HRegion: Instantiated bt1,k0200,1439557285755.a7b220c234a47eb3b190a629577a59b8.
2015-08-14 15:01:29,729 DEBUG [RS_OPEN_REGION-master:60020-0] regionserver.HRegion: Instantiated bt1,k0600,1439557285755.4a352770ca7a29937920a51902c3a1a3.
2015-08-14 15:01:29,737 DEBUG [RS_OPEN_REGION-master:60020-2] regionserver.MetricsRegionSourceImpl: Creating new MetricsRegionSourceImpl for table bt1 8fc351a9c1756ce00c06ca9fffc85600
2015-08-14 15:01:29,748 DEBUG [RS_OPEN_REGION-master:60020-2] regionserver.HRegion: Instantiated bt1,k0800,1439557285756.8fc351a9c1756ce00c06ca9fffc85600.
2015-08-14 15:01:30,570 INFO  [StoreOpener-a7b220c234a47eb3b190a629577a59b8-1] compactions.CompactionConfiguration: size [134217728, 9223372036854775807); files [3, 10); ratio 1.200000; off-peak ratio 5.000000; throttle point 2684354560; major period 604800000, major jitter 0.500000, min locality to compact 0.000000"
2015-08-14 15:01:30,572 INFO  [StoreOpener-4a352770ca7a29937920a51902c3a1a3-1] compactions.CompactionConfiguration: size [134217728, 9223372036854775807); files [3, 10); ratio 1.200000; off-peak ratio 5.000000; throttle point 2684354560; major period 604800000, major jitter 0.500000, min locality to compact 0.000000"
2015-08-14 15:01:30,560 INFO  [StoreOpener-8fc351a9c1756ce00c06ca9fffc85600-1] compactions.CompactionConfiguration: size [134217728, 9223372036854775807); files [3, 10); ratio 1.200000; off-peak ratio 5.000000; throttle point 2684354560; major period 604800000, major jitter 0.500000, min locality to compact 0.000000"
2015-08-14 15:01:30,619 DEBUG [StoreOpener-a7b220c234a47eb3b190a629577a59b8-1] regionserver.HRegionFileSystem: No StoreFiles for: hdfs://master:9000/hbase/data/default/bt1/a7b220c234a47eb3b190a629577a59b8/colfam1
2015-08-14 15:01:30,660 DEBUG [StoreOpener-8fc351a9c1756ce00c06ca9fffc85600-1] regionserver.HRegionFileSystem: No StoreFiles for: hdfs://master:9000/hbase/data/default/bt1/8fc351a9c1756ce00c06ca9fffc85600/colfam1
2015-08-14 15:01:30,821 DEBUG [StoreOpener-4a352770ca7a29937920a51902c3a1a3-1] regionserver.HRegionFileSystem: No StoreFiles for: hdfs://master:9000/hbase/data/default/bt1/4a352770ca7a29937920a51902c3a1a3/colfam1
2015-08-14 15:01:30,881 INFO  [StoreOpener-8fc351a9c1756ce00c06ca9fffc85600-1] compactions.CompactionConfiguration: size [134217728, 9223372036854775807); files [3, 10); ratio 1.200000; off-peak ratio 5.000000; throttle point 2684354560; major period 604800000, major jitter 0.500000, min locality to compact 0.000000"
2015-08-14 15:01:30,926 DEBUG [StoreOpener-8fc351a9c1756ce00c06ca9fffc85600-1] regionserver.HRegionFileSystem: No StoreFiles for: hdfs://master:9000/hbase/data/default/bt1/8fc351a9c1756ce00c06ca9fffc85600/sigfam1
2015-08-14 15:01:30,940 INFO  [StoreOpener-a7b220c234a47eb3b190a629577a59b8-1] compactions.CompactionConfiguration: size [134217728, 9223372036854775807); files [3, 10); ratio 1.200000; off-peak ratio 5.000000; throttle point 2684354560; major period 604800000, major jitter 0.500000, min locality to compact 0.000000"
2015-08-14 15:01:30,993 INFO  [StoreOpener-4a352770ca7a29937920a51902c3a1a3-1] compactions.CompactionConfiguration: size [134217728, 9223372036854775807); files [3, 10); ratio 1.200000; off-peak ratio 5.000000; throttle point 2684354560; major period 604800000, major jitter 0.500000, min locality to compact 0.000000"
2015-08-14 15:01:31,013 DEBUG [RS_OPEN_REGION-master:60020-2] regionserver.HRegion: Found 0 recovered edits file(s) under hdfs://master:9000/hbase/data/default/bt1/8fc351a9c1756ce00c06ca9fffc85600
2015-08-14 15:01:31,034 DEBUG [StoreOpener-a7b220c234a47eb3b190a629577a59b8-1] regionserver.HRegionFileSystem: No StoreFiles for: hdfs://master:9000/hbase/data/default/bt1/a7b220c234a47eb3b190a629577a59b8/sigfam1
2015-08-14 15:01:31,109 DEBUG [StoreOpener-4a352770ca7a29937920a51902c3a1a3-1] regionserver.HRegionFileSystem: No StoreFiles for: hdfs://master:9000/hbase/data/default/bt1/4a352770ca7a29937920a51902c3a1a3/sigfam1
2015-08-14 15:01:31,319 DEBUG [RS_OPEN_REGION-master:60020-1] regionserver.HRegion: Found 0 recovered edits file(s) under hdfs://master:9000/hbase/data/default/bt1/a7b220c234a47eb3b190a629577a59b8
2015-08-14 15:01:31,320 DEBUG [RS_OPEN_REGION-master:60020-0] regionserver.HRegion: Found 0 recovered edits file(s) under hdfs://master:9000/hbase/data/default/bt1/4a352770ca7a29937920a51902c3a1a3
2015-08-14 15:01:31,320 INFO  [RS_OPEN_REGION-master:60020-2] regionserver.HRegion: Onlined 8fc351a9c1756ce00c06ca9fffc85600; next sequenceid=1
2015-08-14 15:01:31,321 DEBUG [RS_OPEN_REGION-master:60020-2] zookeeper.ZKAssign: regionserver:60020-0x14f2c4b96ad0002, quorum=master:2181, baseZNode=/hbase Attempting to retransition opening state of node 8fc351a9c1756ce00c06ca9fffc85600
2015-08-14 15:01:31,327 INFO  [RS_OPEN_REGION-master:60020-0] regionserver.HRegion: Onlined 4a352770ca7a29937920a51902c3a1a3; next sequenceid=1
2015-08-14 15:01:31,337 DEBUG [RS_OPEN_REGION-master:60020-0] zookeeper.ZKAssign: regionserver:60020-0x14f2c4b96ad0002, quorum=master:2181, baseZNode=/hbase Attempting to retransition opening state of node 4a352770ca7a29937920a51902c3a1a3
2015-08-14 15:01:31,355 INFO  [RS_OPEN_REGION-master:60020-1] regionserver.HRegion: Onlined a7b220c234a47eb3b190a629577a59b8; next sequenceid=1
2015-08-14 15:01:31,358 DEBUG [RS_OPEN_REGION-master:60020-1] zookeeper.ZKAssign: regionserver:60020-0x14f2c4b96ad0002, quorum=master:2181, baseZNode=/hbase Attempting to retransition opening state of node a7b220c234a47eb3b190a629577a59b8
2015-08-14 15:01:31,580 INFO  [PostOpenDeployTasks:8fc351a9c1756ce00c06ca9fffc85600] regionserver.HRegionServer: Post open deploy tasks for region=bt1,k0800,1439557285756.8fc351a9c1756ce00c06ca9fffc85600.
2015-08-14 15:01:31,583 INFO  [PostOpenDeployTasks:4a352770ca7a29937920a51902c3a1a3] regionserver.HRegionServer: Post open deploy tasks for region=bt1,k0600,1439557285755.4a352770ca7a29937920a51902c3a1a3.
2015-08-14 15:01:31,597 INFO  [PostOpenDeployTasks:a7b220c234a47eb3b190a629577a59b8] regionserver.HRegionServer: Post open deploy tasks for region=bt1,k0200,1439557285755.a7b220c234a47eb3b190a629577a59b8.
2015-08-14 15:01:31,713 INFO  [PriorityRpcServer.handler=4,queue=0,port=60020] regionserver.HRegionServer: Open bt2,,1439557286682.f3e89b0d401600253a024aaf49885095.
2015-08-14 15:01:31,782 INFO  [PriorityRpcServer.handler=4,queue=0,port=60020] regionserver.HRegionServer: Open bt2,x76,1439557286682.ebc06776ad6a1f8845b16d46cefa4a16.
2015-08-14 15:01:31,809 INFO  [PriorityRpcServer.handler=4,queue=0,port=60020] regionserver.HRegionServer: Open bt2,x19,1439557286682.1d112945bef6dfe9a1ff21727f0570b2.
2015-08-14 15:01:31,952 INFO  [PostOpenDeployTasks:a7b220c234a47eb3b190a629577a59b8] catalog.MetaEditor: Updated row bt1,k0200,1439557285755.a7b220c234a47eb3b190a629577a59b8. with server=master,60020,1439557201559
2015-08-14 15:01:31,953 INFO  [PostOpenDeployTasks:a7b220c234a47eb3b190a629577a59b8] regionserver.HRegionServer: Finished post open deploy task for bt1,k0200,1439557285755.a7b220c234a47eb3b190a629577a59b8.
2015-08-14 15:01:31,957 DEBUG [RS_OPEN_REGION-master:60020-1] zookeeper.ZKAssign: regionserver:60020-0x14f2c4b96ad0002, quorum=master:2181, baseZNode=/hbase Transitioning a7b220c234a47eb3b190a629577a59b8 from RS_ZK_REGION_OPENING to RS_ZK_REGION_OPENED
2015-08-14 15:01:31,970 DEBUG [RS_OPEN_REGION-master:60020-1] zookeeper.ZKAssign: regionserver:60020-0x14f2c4b96ad0002, quorum=master:2181, baseZNode=/hbase Transitioned node a7b220c234a47eb3b190a629577a59b8 from RS_ZK_REGION_OPENING to RS_ZK_REGION_OPENED
2015-08-14 15:01:31,970 DEBUG [RS_OPEN_REGION-master:60020-1] handler.OpenRegionHandler: Transitioned a7b220c234a47eb3b190a629577a59b8 to OPENED in zk on master,60020,1439557201559
2015-08-14 15:01:31,990 DEBUG [RS_OPEN_REGION-master:60020-1] handler.OpenRegionHandler: Opened bt1,k0200,1439557285755.a7b220c234a47eb3b190a629577a59b8. on master,60020,1439557201559
2015-08-14 15:01:31,993 DEBUG [RS_OPEN_REGION-master:60020-1] zookeeper.ZKAssign: regionserver:60020-0x14f2c4b96ad0002, quorum=master:2181, baseZNode=/hbase Transitioning f3e89b0d401600253a024aaf49885095 from M_ZK_REGION_OFFLINE to RS_ZK_REGION_OPENING
2015-08-14 15:01:32,006 INFO  [PostOpenDeployTasks:8fc351a9c1756ce00c06ca9fffc85600] catalog.MetaEditor: Updated row bt1,k0800,1439557285756.8fc351a9c1756ce00c06ca9fffc85600. with server=master,60020,1439557201559
2015-08-14 15:01:32,007 INFO  [PostOpenDeployTasks:8fc351a9c1756ce00c06ca9fffc85600] regionserver.HRegionServer: Finished post open deploy task for bt1,k0800,1439557285756.8fc351a9c1756ce00c06ca9fffc85600.
2015-08-14 15:01:32,014 DEBUG [RS_OPEN_REGION-master:60020-2] zookeeper.ZKAssign: regionserver:60020-0x14f2c4b96ad0002, quorum=master:2181, baseZNode=/hbase Transitioning 8fc351a9c1756ce00c06ca9fffc85600 from RS_ZK_REGION_OPENING to RS_ZK_REGION_OPENED
2015-08-14 15:01:32,014 DEBUG [RS_OPEN_REGION-master:60020-1] zookeeper.ZKAssign: regionserver:60020-0x14f2c4b96ad0002, quorum=master:2181, baseZNode=/hbase Transitioned node f3e89b0d401600253a024aaf49885095 from M_ZK_REGION_OFFLINE to RS_ZK_REGION_OPENING
2015-08-14 15:01:32,016 DEBUG [RS_OPEN_REGION-master:60020-1] regionserver.HRegion: Opening region: {ENCODED => f3e89b0d401600253a024aaf49885095, NAME => 'bt2,,1439557286682.f3e89b0d401600253a024aaf49885095.', STARTKEY => '', ENDKEY => 'x00'}
2015-08-14 15:01:32,018 DEBUG [RS_OPEN_REGION-master:60020-1] regionserver.MetricsRegionSourceImpl: Creating new MetricsRegionSourceImpl for table bt2 f3e89b0d401600253a024aaf49885095
2015-08-14 15:01:32,019 DEBUG [RS_OPEN_REGION-master:60020-1] regionserver.HRegion: Instantiated bt2,,1439557286682.f3e89b0d401600253a024aaf49885095.
2015-08-14 15:01:32,035 INFO  [PostOpenDeployTasks:4a352770ca7a29937920a51902c3a1a3] catalog.MetaEditor: Updated row bt1,k0600,1439557285755.4a352770ca7a29937920a51902c3a1a3. with server=master,60020,1439557201559
2015-08-14 15:01:32,036 INFO  [PostOpenDeployTasks:4a352770ca7a29937920a51902c3a1a3] regionserver.HRegionServer: Finished post open deploy task for bt1,k0600,1439557285755.4a352770ca7a29937920a51902c3a1a3.
2015-08-14 15:01:32,060 DEBUG [RS_OPEN_REGION-master:60020-2] zookeeper.ZKAssign: regionserver:60020-0x14f2c4b96ad0002, quorum=master:2181, baseZNode=/hbase Transitioned node 8fc351a9c1756ce00c06ca9fffc85600 from RS_ZK_REGION_OPENING to RS_ZK_REGION_OPENED
2015-08-14 15:01:32,060 DEBUG [RS_OPEN_REGION-master:60020-2] handler.OpenRegionHandler: Transitioned 8fc351a9c1756ce00c06ca9fffc85600 to OPENED in zk on master,60020,1439557201559
2015-08-14 15:01:32,060 DEBUG [RS_OPEN_REGION-master:60020-2] handler.OpenRegionHandler: Opened bt1,k0800,1439557285756.8fc351a9c1756ce00c06ca9fffc85600. on master,60020,1439557201559
2015-08-14 15:01:32,060 DEBUG [RS_OPEN_REGION-master:60020-0] zookeeper.ZKAssign: regionserver:60020-0x14f2c4b96ad0002, quorum=master:2181, baseZNode=/hbase Transitioning 4a352770ca7a29937920a51902c3a1a3 from RS_ZK_REGION_OPENING to RS_ZK_REGION_OPENED
2015-08-14 15:01:32,060 DEBUG [RS_OPEN_REGION-master:60020-2] zookeeper.ZKAssign: regionserver:60020-0x14f2c4b96ad0002, quorum=master:2181, baseZNode=/hbase Transitioning ebc06776ad6a1f8845b16d46cefa4a16 from M_ZK_REGION_OFFLINE to RS_ZK_REGION_OPENING
2015-08-14 15:01:32,100 DEBUG [RS_OPEN_REGION-master:60020-0] zookeeper.ZKAssign: regionserver:60020-0x14f2c4b96ad0002, quorum=master:2181, baseZNode=/hbase Transitioned node 4a352770ca7a29937920a51902c3a1a3 from RS_ZK_REGION_OPENING to RS_ZK_REGION_OPENED
2015-08-14 15:01:32,101 DEBUG [RS_OPEN_REGION-master:60020-0] handler.OpenRegionHandler: Transitioned 4a352770ca7a29937920a51902c3a1a3 to OPENED in zk on master,60020,1439557201559
2015-08-14 15:01:32,103 DEBUG [RS_OPEN_REGION-master:60020-0] handler.OpenRegionHandler: Opened bt1,k0600,1439557285755.4a352770ca7a29937920a51902c3a1a3. on master,60020,1439557201559
2015-08-14 15:01:32,139 DEBUG [RS_OPEN_REGION-master:60020-0] zookeeper.ZKAssign: regionserver:60020-0x14f2c4b96ad0002, quorum=master:2181, baseZNode=/hbase Transitioning 1d112945bef6dfe9a1ff21727f0570b2 from M_ZK_REGION_OFFLINE to RS_ZK_REGION_OPENING
2015-08-14 15:01:32,140 DEBUG [RS_OPEN_REGION-master:60020-2] zookeeper.ZKAssign: regionserver:60020-0x14f2c4b96ad0002, quorum=master:2181, baseZNode=/hbase Transitioned node ebc06776ad6a1f8845b16d46cefa4a16 from M_ZK_REGION_OFFLINE to RS_ZK_REGION_OPENING
2015-08-14 15:01:32,149 DEBUG [RS_OPEN_REGION-master:60020-2] regionserver.HRegion: Opening region: {ENCODED => ebc06776ad6a1f8845b16d46cefa4a16, NAME => 'bt2,x76,1439557286682.ebc06776ad6a1f8845b16d46cefa4a16.', STARTKEY => 'x76', ENDKEY => ''}
2015-08-14 15:01:32,153 DEBUG [RS_OPEN_REGION-master:60020-2] regionserver.MetricsRegionSourceImpl: Creating new MetricsRegionSourceImpl for table bt2 ebc06776ad6a1f8845b16d46cefa4a16
2015-08-14 15:01:32,153 DEBUG [RS_OPEN_REGION-master:60020-2] regionserver.HRegion: Instantiated bt2,x76,1439557286682.ebc06776ad6a1f8845b16d46cefa4a16.
2015-08-14 15:01:32,185 INFO  [StoreOpener-f3e89b0d401600253a024aaf49885095-1] compactions.CompactionConfiguration: size [134217728, 9223372036854775807); files [3, 10); ratio 1.200000; off-peak ratio 5.000000; throttle point 2684354560; major period 604800000, major jitter 0.500000, min locality to compact 0.000000"
2015-08-14 15:01:32,197 DEBUG [StoreOpener-f3e89b0d401600253a024aaf49885095-1] regionserver.HRegionFileSystem: No StoreFiles for: hdfs://master:9000/hbase/data/default/bt2/f3e89b0d401600253a024aaf49885095/colfam1
2015-08-14 15:01:32,218 DEBUG [RS_OPEN_REGION-master:60020-0] zookeeper.ZKAssign: regionserver:60020-0x14f2c4b96ad0002, quorum=master:2181, baseZNode=/hbase Transitioned node 1d112945bef6dfe9a1ff21727f0570b2 from M_ZK_REGION_OFFLINE to RS_ZK_REGION_OPENING
2015-08-14 15:01:32,223 DEBUG [RS_OPEN_REGION-master:60020-0] regionserver.HRegion: Opening region: {ENCODED => 1d112945bef6dfe9a1ff21727f0570b2, NAME => 'bt2,x19,1439557286682.1d112945bef6dfe9a1ff21727f0570b2.', STARTKEY => 'x19', ENDKEY => 'x38'}
2015-08-14 15:01:32,232 DEBUG [RS_OPEN_REGION-master:60020-0] regionserver.MetricsRegionSourceImpl: Creating new MetricsRegionSourceImpl for table bt2 1d112945bef6dfe9a1ff21727f0570b2
2015-08-14 15:01:32,239 DEBUG [RS_OPEN_REGION-master:60020-0] regionserver.HRegion: Instantiated bt2,x19,1439557286682.1d112945bef6dfe9a1ff21727f0570b2.
2015-08-14 15:01:32,770 INFO  [StoreOpener-ebc06776ad6a1f8845b16d46cefa4a16-1] compactions.CompactionConfiguration: size [134217728, 9223372036854775807); files [3, 10); ratio 1.200000; off-peak ratio 5.000000; throttle point 2684354560; major period 604800000, major jitter 0.500000, min locality to compact 0.000000"
2015-08-14 15:01:32,774 INFO  [StoreOpener-f3e89b0d401600253a024aaf49885095-1] compactions.CompactionConfiguration: size [134217728, 9223372036854775807); files [3, 10); ratio 1.200000; off-peak ratio 5.000000; throttle point 2684354560; major period 604800000, major jitter 0.500000, min locality to compact 0.000000"
2015-08-14 15:01:32,780 DEBUG [StoreOpener-ebc06776ad6a1f8845b16d46cefa4a16-1] regionserver.HRegionFileSystem: No StoreFiles for: hdfs://master:9000/hbase/data/default/bt2/ebc06776ad6a1f8845b16d46cefa4a16/colfam1
2015-08-14 15:01:32,792 DEBUG [StoreOpener-f3e89b0d401600253a024aaf49885095-1] regionserver.HRegionFileSystem: No StoreFiles for: hdfs://master:9000/hbase/data/default/bt2/f3e89b0d401600253a024aaf49885095/sigfam1
2015-08-14 15:01:32,824 DEBUG [RS_OPEN_REGION-master:60020-1] regionserver.HRegion: Found 0 recovered edits file(s) under hdfs://master:9000/hbase/data/default/bt2/f3e89b0d401600253a024aaf49885095
2015-08-14 15:01:32,898 INFO  [RS_OPEN_REGION-master:60020-1] regionserver.HRegion: Onlined f3e89b0d401600253a024aaf49885095; next sequenceid=1
2015-08-14 15:01:32,898 DEBUG [RS_OPEN_REGION-master:60020-1] zookeeper.ZKAssign: regionserver:60020-0x14f2c4b96ad0002, quorum=master:2181, baseZNode=/hbase Attempting to retransition opening state of node f3e89b0d401600253a024aaf49885095
2015-08-14 15:01:32,927 INFO  [PostOpenDeployTasks:f3e89b0d401600253a024aaf49885095] regionserver.HRegionServer: Post open deploy tasks for region=bt2,,1439557286682.f3e89b0d401600253a024aaf49885095.
2015-08-14 15:01:32,947 INFO  [StoreOpener-1d112945bef6dfe9a1ff21727f0570b2-1] compactions.CompactionConfiguration: size [134217728, 9223372036854775807); files [3, 10); ratio 1.200000; off-peak ratio 5.000000; throttle point 2684354560; major period 604800000, major jitter 0.500000, min locality to compact 0.000000"
2015-08-14 15:01:32,973 INFO  [StoreOpener-ebc06776ad6a1f8845b16d46cefa4a16-1] compactions.CompactionConfiguration: size [134217728, 9223372036854775807); files [3, 10); ratio 1.200000; off-peak ratio 5.000000; throttle point 2684354560; major period 604800000, major jitter 0.500000, min locality to compact 0.000000"
2015-08-14 15:01:33,032 DEBUG [StoreOpener-1d112945bef6dfe9a1ff21727f0570b2-1] regionserver.HRegionFileSystem: No StoreFiles for: hdfs://master:9000/hbase/data/default/bt2/1d112945bef6dfe9a1ff21727f0570b2/colfam1
2015-08-14 15:01:34,289 INFO  [PostOpenDeployTasks:f3e89b0d401600253a024aaf49885095] catalog.MetaEditor: Updated row bt2,,1439557286682.f3e89b0d401600253a024aaf49885095. with server=master,60020,1439557201559
2015-08-14 15:01:34,289 INFO  [PostOpenDeployTasks:f3e89b0d401600253a024aaf49885095] regionserver.HRegionServer: Finished post open deploy task for bt2,,1439557286682.f3e89b0d401600253a024aaf49885095.
2015-08-14 15:01:34,289 DEBUG [StoreOpener-ebc06776ad6a1f8845b16d46cefa4a16-1] regionserver.HRegionFileSystem: No StoreFiles for: hdfs://master:9000/hbase/data/default/bt2/ebc06776ad6a1f8845b16d46cefa4a16/sigfam1
2015-08-14 15:01:34,290 DEBUG [RS_OPEN_REGION-master:60020-2] regionserver.HRegion: Found 0 recovered edits file(s) under hdfs://master:9000/hbase/data/default/bt2/ebc06776ad6a1f8845b16d46cefa4a16
2015-08-14 15:01:34,297 INFO  [RS_OPEN_REGION-master:60020-2] regionserver.HRegion: Onlined ebc06776ad6a1f8845b16d46cefa4a16; next sequenceid=1
2015-08-14 15:01:34,297 DEBUG [RS_OPEN_REGION-master:60020-2] zookeeper.ZKAssign: regionserver:60020-0x14f2c4b96ad0002, quorum=master:2181, baseZNode=/hbase Attempting to retransition opening state of node ebc06776ad6a1f8845b16d46cefa4a16
2015-08-14 15:01:34,306 INFO  [StoreOpener-1d112945bef6dfe9a1ff21727f0570b2-1] compactions.CompactionConfiguration: size [134217728, 9223372036854775807); files [3, 10); ratio 1.200000; off-peak ratio 5.000000; throttle point 2684354560; major period 604800000, major jitter 0.500000, min locality to compact 0.000000"
2015-08-14 15:01:34,334 DEBUG [StoreOpener-1d112945bef6dfe9a1ff21727f0570b2-1] regionserver.HRegionFileSystem: No StoreFiles for: hdfs://master:9000/hbase/data/default/bt2/1d112945bef6dfe9a1ff21727f0570b2/sigfam1
2015-08-14 15:01:34,338 DEBUG [RS_OPEN_REGION-master:60020-0] regionserver.HRegion: Found 0 recovered edits file(s) under hdfs://master:9000/hbase/data/default/bt2/1d112945bef6dfe9a1ff21727f0570b2
2015-08-14 15:01:34,344 INFO  [RS_OPEN_REGION-master:60020-0] regionserver.HRegion: Onlined 1d112945bef6dfe9a1ff21727f0570b2; next sequenceid=1
2015-08-14 15:01:34,344 DEBUG [RS_OPEN_REGION-master:60020-0] zookeeper.ZKAssign: regionserver:60020-0x14f2c4b96ad0002, quorum=master:2181, baseZNode=/hbase Attempting to retransition opening state of node 1d112945bef6dfe9a1ff21727f0570b2
2015-08-14 15:01:34,370 DEBUG [RS_OPEN_REGION-master:60020-1] zookeeper.ZKAssign: regionserver:60020-0x14f2c4b96ad0002, quorum=master:2181, baseZNode=/hbase Transitioning f3e89b0d401600253a024aaf49885095 from RS_ZK_REGION_OPENING to RS_ZK_REGION_OPENED
2015-08-14 15:01:34,378 INFO  [PostOpenDeployTasks:ebc06776ad6a1f8845b16d46cefa4a16] regionserver.HRegionServer: Post open deploy tasks for region=bt2,x76,1439557286682.ebc06776ad6a1f8845b16d46cefa4a16.
2015-08-14 15:01:34,379 INFO  [PostOpenDeployTasks:1d112945bef6dfe9a1ff21727f0570b2] regionserver.HRegionServer: Post open deploy tasks for region=bt2,x19,1439557286682.1d112945bef6dfe9a1ff21727f0570b2.
2015-08-14 15:01:34,401 DEBUG [RS_OPEN_REGION-master:60020-1] zookeeper.ZKAssign: regionserver:60020-0x14f2c4b96ad0002, quorum=master:2181, baseZNode=/hbase Transitioned node f3e89b0d401600253a024aaf49885095 from RS_ZK_REGION_OPENING to RS_ZK_REGION_OPENED
2015-08-14 15:01:34,401 DEBUG [RS_OPEN_REGION-master:60020-1] handler.OpenRegionHandler: Transitioned f3e89b0d401600253a024aaf49885095 to OPENED in zk on master,60020,1439557201559
2015-08-14 15:01:34,401 DEBUG [RS_OPEN_REGION-master:60020-1] handler.OpenRegionHandler: Opened bt2,,1439557286682.f3e89b0d401600253a024aaf49885095. on master,60020,1439557201559
2015-08-14 15:01:34,427 INFO  [PostOpenDeployTasks:1d112945bef6dfe9a1ff21727f0570b2] catalog.MetaEditor: Updated row bt2,x19,1439557286682.1d112945bef6dfe9a1ff21727f0570b2. with server=master,60020,1439557201559
2015-08-14 15:01:34,428 INFO  [PostOpenDeployTasks:1d112945bef6dfe9a1ff21727f0570b2] regionserver.HRegionServer: Finished post open deploy task for bt2,x19,1439557286682.1d112945bef6dfe9a1ff21727f0570b2.
2015-08-14 15:01:34,428 DEBUG [RS_OPEN_REGION-master:60020-0] zookeeper.ZKAssign: regionserver:60020-0x14f2c4b96ad0002, quorum=master:2181, baseZNode=/hbase Transitioning 1d112945bef6dfe9a1ff21727f0570b2 from RS_ZK_REGION_OPENING to RS_ZK_REGION_OPENED
2015-08-14 15:01:34,449 DEBUG [RS_OPEN_REGION-master:60020-0] zookeeper.ZKAssign: regionserver:60020-0x14f2c4b96ad0002, quorum=master:2181, baseZNode=/hbase Transitioned node 1d112945bef6dfe9a1ff21727f0570b2 from RS_ZK_REGION_OPENING to RS_ZK_REGION_OPENED
2015-08-14 15:01:34,449 DEBUG [RS_OPEN_REGION-master:60020-0] handler.OpenRegionHandler: Transitioned 1d112945bef6dfe9a1ff21727f0570b2 to OPENED in zk on master,60020,1439557201559
2015-08-14 15:01:34,449 DEBUG [RS_OPEN_REGION-master:60020-0] handler.OpenRegionHandler: Opened bt2,x19,1439557286682.1d112945bef6dfe9a1ff21727f0570b2. on master,60020,1439557201559
2015-08-14 15:01:34,449 INFO  [PostOpenDeployTasks:ebc06776ad6a1f8845b16d46cefa4a16] catalog.MetaEditor: Updated row bt2,x76,1439557286682.ebc06776ad6a1f8845b16d46cefa4a16. with server=master,60020,1439557201559
2015-08-14 15:01:34,449 INFO  [PostOpenDeployTasks:ebc06776ad6a1f8845b16d46cefa4a16] regionserver.HRegionServer: Finished post open deploy task for bt2,x76,1439557286682.ebc06776ad6a1f8845b16d46cefa4a16.
2015-08-14 15:01:34,449 DEBUG [RS_OPEN_REGION-master:60020-2] zookeeper.ZKAssign: regionserver:60020-0x14f2c4b96ad0002, quorum=master:2181, baseZNode=/hbase Transitioning ebc06776ad6a1f8845b16d46cefa4a16 from RS_ZK_REGION_OPENING to RS_ZK_REGION_OPENED
2015-08-14 15:01:34,467 DEBUG [RS_OPEN_REGION-master:60020-2] zookeeper.ZKAssign: regionserver:60020-0x14f2c4b96ad0002, quorum=master:2181, baseZNode=/hbase Transitioned node ebc06776ad6a1f8845b16d46cefa4a16 from RS_ZK_REGION_OPENING to RS_ZK_REGION_OPENED
2015-08-14 15:01:34,467 DEBUG [RS_OPEN_REGION-master:60020-2] handler.OpenRegionHandler: Transitioned ebc06776ad6a1f8845b16d46cefa4a16 to OPENED in zk on master,60020,1439557201559
2015-08-14 15:01:34,467 DEBUG [RS_OPEN_REGION-master:60020-2] handler.OpenRegionHandler: Opened bt2,x76,1439557286682.ebc06776ad6a1f8845b16d46cefa4a16. on master,60020,1439557201559
2015-08-14 15:01:36,439 WARN  [regionserver60020-WAL.AsyncSyncer0] wal.FSHLog: HDFS pipeline error detected. Found 1 replicas but expecting no less than 3 replicas.  Requesting close of hlog. current pipeline: [10.0.2.9:50010]
2015-08-14 15:01:36,439 DEBUG [regionserver60020.logRoller] regionserver.LogRoller: HLog roll requested
2015-08-14 15:01:37,069 INFO  [regionserver60020.logRoller] wal.FSHLog: Rolled WAL /hbase/WALs/master,60020,1439557201559/master%2C60020%2C1439557201559.1439557212079 with entries=1, filesize=239.0; new WAL /hbase/WALs/master,60020,1439557201559/master%2C60020%2C1439557201559.1439557296446
2015-08-14 15:01:37,079 WARN  [regionserver60020-WAL.AsyncSyncer0] wal.FSHLog: HDFS pipeline error detected. Found 1 replicas but expecting no less than 3 replicas.  Requesting close of hlog. current pipeline: [10.0.2.9:50010]
2015-08-14 15:01:37,080 DEBUG [regionserver60020.logRoller] regionserver.LogRoller: HLog roll requested
2015-08-14 15:01:37,239 INFO  [regionserver60020.logRoller] wal.FSHLog: Rolled WAL /hbase/WALs/master,60020,1439557201559/master%2C60020%2C1439557201559.1439557296446 with entries=2, filesize=387.0; new WAL /hbase/WALs/master,60020,1439557201559/master%2C60020%2C1439557201559.1439557297080
2015-08-14 15:01:37,278 WARN  [regionserver60020-WAL.AsyncSyncer0] wal.FSHLog: HDFS pipeline error detected. Found 1 replicas but expecting no less than 3 replicas.  Requesting close of hlog. current pipeline: [10.0.2.9:50010]
2015-08-14 15:01:37,278 DEBUG [regionserver60020.logRoller] regionserver.LogRoller: HLog roll requested
2015-08-14 15:01:39,078 INFO  [regionserver60020.logRoller] wal.FSHLog: Rolled WAL /hbase/WALs/master,60020,1439557201559/master%2C60020%2C1439557201559.1439557297080 with entries=2, filesize=387.0; new WAL /hbase/WALs/master,60020,1439557201559/master%2C60020%2C1439557201559.1439557297278
2015-08-14 15:01:39,130 WARN  [regionserver60020-WAL.AsyncSyncer0] wal.FSHLog: HDFS pipeline error detected. Found 1 replicas but expecting no less than 3 replicas.  Requesting close of hlog. current pipeline: [10.0.2.9:50010]
2015-08-14 15:01:39,130 DEBUG [regionserver60020.logRoller] regionserver.LogRoller: HLog roll requested
2015-08-14 15:01:39,290 INFO  [regionserver60020.logRoller] wal.FSHLog: Rolled WAL /hbase/WALs/master,60020,1439557201559/master%2C60020%2C1439557201559.1439557297278 with entries=1, filesize=239.0; new WAL /hbase/WALs/master,60020,1439557201559/master%2C60020%2C1439557201559.1439557299130
2015-08-14 15:01:39,320 WARN  [regionserver60020-WAL.AsyncSyncer0] wal.FSHLog: Too many consecutive RollWriter requests, it's a sign of the total number of live datanodes is lower than the tolerable replicas.
2015-08-14 15:02:12,160 INFO  [regionserver60020] regionserver.HRegionServer: Closing user regions
2015-08-14 15:02:12,168 DEBUG [RS_CLOSE_REGION-master:60020-0] handler.CloseRegionHandler: Processing close of bt2,x76,1439557286682.ebc06776ad6a1f8845b16d46cefa4a16.
2015-08-14 15:02:12,169 DEBUG [RS_CLOSE_REGION-master:60020-1] handler.CloseRegionHandler: Processing close of bt1,k0200,1439557285755.a7b220c234a47eb3b190a629577a59b8.
2015-08-14 15:02:12,169 DEBUG [RS_CLOSE_REGION-master:60020-1] regionserver.HRegion: Closing bt1,k0200,1439557285755.a7b220c234a47eb3b190a629577a59b8.: disabling compactions & flushes
2015-08-14 15:02:12,170 DEBUG [RS_CLOSE_REGION-master:60020-1] regionserver.HRegion: Updates disabled for region bt1,k0200,1439557285755.a7b220c234a47eb3b190a629577a59b8.
2015-08-14 15:02:12,170 INFO  [RS_CLOSE_REGION-master:60020-1] regionserver.HRegion: Started memstore flush for bt1,k0200,1439557285755.a7b220c234a47eb3b190a629577a59b8., current region memstore size 2.4k
2015-08-14 15:02:12,171 DEBUG [RS_CLOSE_REGION-master:60020-0] regionserver.HRegion: Closing bt2,x76,1439557286682.ebc06776ad6a1f8845b16d46cefa4a16.: disabling compactions & flushes
2015-08-14 15:02:12,171 DEBUG [RS_CLOSE_REGION-master:60020-0] regionserver.HRegion: Updates disabled for region bt2,x76,1439557286682.ebc06776ad6a1f8845b16d46cefa4a16.
2015-08-14 15:02:12,172 DEBUG [RS_CLOSE_REGION-master:60020-2] handler.CloseRegionHandler: Processing close of bt1,k0800,1439557285756.8fc351a9c1756ce00c06ca9fffc85600.
2015-08-14 15:02:12,172 DEBUG [RS_CLOSE_REGION-master:60020-2] regionserver.HRegion: Closing bt1,k0800,1439557285756.8fc351a9c1756ce00c06ca9fffc85600.: disabling compactions & flushes
2015-08-14 15:02:12,172 DEBUG [RS_CLOSE_REGION-master:60020-2] regionserver.HRegion: Updates disabled for region bt1,k0800,1439557285756.8fc351a9c1756ce00c06ca9fffc85600.
2015-08-14 15:02:12,172 INFO  [RS_CLOSE_REGION-master:60020-2] regionserver.HRegion: Started memstore flush for bt1,k0800,1439557285756.8fc351a9c1756ce00c06ca9fffc85600., current region memstore size 3.8k
2015-08-14 15:02:12,174 INFO  [StoreCloserThread-bt2,x76,1439557286682.ebc06776ad6a1f8845b16d46cefa4a16.-1] regionserver.HStore: Closed colfam1
2015-08-14 15:02:12,174 INFO  [StoreCloserThread-bt2,x76,1439557286682.ebc06776ad6a1f8845b16d46cefa4a16.-1] regionserver.HStore: Closed sigfam1
2015-08-14 15:02:12,187 INFO  [RS_CLOSE_REGION-master:60020-0] regionserver.HRegion: Closed bt2,x76,1439557286682.ebc06776ad6a1f8845b16d46cefa4a16.
2015-08-14 15:02:12,187 DEBUG [RS_CLOSE_REGION-master:60020-0] handler.CloseRegionHandler: Closed bt2,x76,1439557286682.ebc06776ad6a1f8845b16d46cefa4a16.
2015-08-14 15:02:12,187 DEBUG [RS_CLOSE_REGION-master:60020-0] handler.CloseRegionHandler: Processing close of bt1,k0600,1439557285755.4a352770ca7a29937920a51902c3a1a3.
2015-08-14 15:02:12,187 DEBUG [RS_CLOSE_REGION-master:60020-0] regionserver.HRegion: Closing bt1,k0600,1439557285755.4a352770ca7a29937920a51902c3a1a3.: disabling compactions & flushes
2015-08-14 15:02:12,187 DEBUG [RS_CLOSE_REGION-master:60020-0] regionserver.HRegion: Updates disabled for region bt1,k0600,1439557285755.4a352770ca7a29937920a51902c3a1a3.
2015-08-14 15:02:12,187 INFO  [RS_CLOSE_REGION-master:60020-0] regionserver.HRegion: Started memstore flush for bt1,k0600,1439557285755.4a352770ca7a29937920a51902c3a1a3., current region memstore size 4.5k
2015-08-14 15:02:12,219 DEBUG [RS_CLOSE_REGION-master:60020-0] util.FSUtils: DFS Client does not support most favored nodes create; using default create
2015-08-14 15:02:12,220 DEBUG [RS_CLOSE_REGION-master:60020-2] util.FSUtils: DFS Client does not support most favored nodes create; using default create
2015-08-14 15:02:12,221 DEBUG [RS_CLOSE_REGION-master:60020-1] util.FSUtils: DFS Client does not support most favored nodes create; using default create
2015-08-14 15:02:12,345 INFO  [RS_CLOSE_REGION-master:60020-1] regionserver.DefaultStoreFlusher: Flushed, sequenceid=9, memsize=1.9k, hasBloomFilter=true, into tmp file hdfs://master:9000/hbase/data/default/bt1/a7b220c234a47eb3b190a629577a59b8/.tmp/783e9867f13340bb97872018efde85c2
2015-08-14 15:02:12,350 INFO  [RS_CLOSE_REGION-master:60020-2] regionserver.DefaultStoreFlusher: Flushed, sequenceid=13, memsize=3.8k, hasBloomFilter=true, into tmp file hdfs://master:9000/hbase/data/default/bt1/8fc351a9c1756ce00c06ca9fffc85600/.tmp/7a160dec109e4196a55fea0f0784141e
2015-08-14 15:02:12,490 INFO  [RS_CLOSE_REGION-master:60020-1] regionserver.StoreFile$Reader: Loaded Delete Family Bloom (CompoundBloomFilter) metadata for 783e9867f13340bb97872018efde85c2
2015-08-14 15:02:12,551 DEBUG [RS_CLOSE_REGION-master:60020-2] regionserver.HRegionFileSystem: Committing store file hdfs://master:9000/hbase/data/default/bt1/8fc351a9c1756ce00c06ca9fffc85600/.tmp/7a160dec109e4196a55fea0f0784141e as hdfs://master:9000/hbase/data/default/bt1/8fc351a9c1756ce00c06ca9fffc85600/colfam1/7a160dec109e4196a55fea0f0784141e
2015-08-14 15:02:12,556 DEBUG [RS_CLOSE_REGION-master:60020-1] util.FSUtils: DFS Client does not support most favored nodes create; using default create
2015-08-14 15:02:12,574 INFO  [RS_CLOSE_REGION-master:60020-2] regionserver.HStore: Added hdfs://master:9000/hbase/data/default/bt1/8fc351a9c1756ce00c06ca9fffc85600/colfam1/7a160dec109e4196a55fea0f0784141e, entries=22, sequenceid=13, filesize=1.9k
2015-08-14 15:02:12,581 INFO  [RS_CLOSE_REGION-master:60020-2] regionserver.HRegion: Finished memstore flush of ~3.8k/3872, currentsize=0.0/0 for region bt1,k0800,1439557285756.8fc351a9c1756ce00c06ca9fffc85600. in 409ms, sequenceid=13, compaction requested=false
2015-08-14 15:02:12,605 INFO  [RS_CLOSE_REGION-master:60020-1] regionserver.DefaultStoreFlusher: Flushed, sequenceid=9, memsize=160.0, hasBloomFilter=true, into tmp file hdfs://master:9000/hbase/data/default/bt1/a7b220c234a47eb3b190a629577a59b8/.tmp/1e94dc0f53e54370b1237a7fc10f20ed
2015-08-14 15:02:12,615 INFO  [StoreCloserThread-bt1,k0800,1439557285756.8fc351a9c1756ce00c06ca9fffc85600.-1] regionserver.HStore: Closed colfam1
2015-08-14 15:02:12,615 INFO  [StoreCloserThread-bt1,k0800,1439557285756.8fc351a9c1756ce00c06ca9fffc85600.-1] regionserver.HStore: Closed sigfam1
2015-08-14 15:02:12,616 INFO  [RS_CLOSE_REGION-master:60020-2] regionserver.HRegion: Closed bt1,k0800,1439557285756.8fc351a9c1756ce00c06ca9fffc85600.
2015-08-14 15:02:12,616 DEBUG [RS_CLOSE_REGION-master:60020-2] handler.CloseRegionHandler: Closed bt1,k0800,1439557285756.8fc351a9c1756ce00c06ca9fffc85600.
2015-08-14 15:02:12,616 DEBUG [RS_CLOSE_REGION-master:60020-2] handler.CloseRegionHandler: Processing close of bt2,,1439557286682.f3e89b0d401600253a024aaf49885095.
2015-08-14 15:02:12,616 DEBUG [RS_CLOSE_REGION-master:60020-2] regionserver.HRegion: Closing bt2,,1439557286682.f3e89b0d401600253a024aaf49885095.: disabling compactions & flushes
2015-08-14 15:02:12,616 DEBUG [RS_CLOSE_REGION-master:60020-2] regionserver.HRegion: Updates disabled for region bt2,,1439557286682.f3e89b0d401600253a024aaf49885095.
2015-08-14 15:02:12,621 INFO  [StoreCloserThread-bt2,,1439557286682.f3e89b0d401600253a024aaf49885095.-1] regionserver.HStore: Closed colfam1
2015-08-14 15:02:12,621 INFO  [StoreCloserThread-bt2,,1439557286682.f3e89b0d401600253a024aaf49885095.-1] regionserver.HStore: Closed sigfam1
2015-08-14 15:02:12,621 INFO  [RS_CLOSE_REGION-master:60020-2] regionserver.HRegion: Closed bt2,,1439557286682.f3e89b0d401600253a024aaf49885095.
2015-08-14 15:02:12,621 DEBUG [RS_CLOSE_REGION-master:60020-2] handler.CloseRegionHandler: Closed bt2,,1439557286682.f3e89b0d401600253a024aaf49885095.
2015-08-14 15:02:12,622 DEBUG [RS_CLOSE_REGION-master:60020-2] handler.CloseRegionHandler: Processing close of bt2,x19,1439557286682.1d112945bef6dfe9a1ff21727f0570b2.
2015-08-14 15:02:12,625 INFO  [RS_CLOSE_REGION-master:60020-1] regionserver.StoreFile$Reader: Loaded Delete Family Bloom (CompoundBloomFilter) metadata for 1e94dc0f53e54370b1237a7fc10f20ed
2015-08-14 15:02:12,626 DEBUG [RS_CLOSE_REGION-master:60020-2] regionserver.HRegion: Closing bt2,x19,1439557286682.1d112945bef6dfe9a1ff21727f0570b2.: disabling compactions & flushes
2015-08-14 15:02:12,626 DEBUG [RS_CLOSE_REGION-master:60020-2] regionserver.HRegion: Updates disabled for region bt2,x19,1439557286682.1d112945bef6dfe9a1ff21727f0570b2.
2015-08-14 15:02:12,628 DEBUG [RS_CLOSE_REGION-master:60020-1] regionserver.HRegionFileSystem: Committing store file hdfs://master:9000/hbase/data/default/bt1/a7b220c234a47eb3b190a629577a59b8/.tmp/783e9867f13340bb97872018efde85c2 as hdfs://master:9000/hbase/data/default/bt1/a7b220c234a47eb3b190a629577a59b8/colfam1/783e9867f13340bb97872018efde85c2
2015-08-14 15:02:12,630 INFO  [StoreCloserThread-bt2,x19,1439557286682.1d112945bef6dfe9a1ff21727f0570b2.-1] regionserver.HStore: Closed colfam1
2015-08-14 15:02:12,630 INFO  [StoreCloserThread-bt2,x19,1439557286682.1d112945bef6dfe9a1ff21727f0570b2.-1] regionserver.HStore: Closed sigfam1
2015-08-14 15:02:12,639 INFO  [RS_CLOSE_REGION-master:60020-2] regionserver.HRegion: Closed bt2,x19,1439557286682.1d112945bef6dfe9a1ff21727f0570b2.
2015-08-14 15:02:12,639 DEBUG [RS_CLOSE_REGION-master:60020-2] handler.CloseRegionHandler: Closed bt2,x19,1439557286682.1d112945bef6dfe9a1ff21727f0570b2.
2015-08-14 15:02:12,639 DEBUG [RS_CLOSE_REGION-master:60020-2] handler.CloseRegionHandler: Processing close of hbase:namespace,,1439557211042.23e15aed606563953df7eb87d01b1d59.
2015-08-14 15:02:12,640 DEBUG [RS_CLOSE_REGION-master:60020-2] regionserver.HRegion: Closing hbase:namespace,,1439557211042.23e15aed606563953df7eb87d01b1d59.: disabling compactions & flushes
2015-08-14 15:02:12,640 DEBUG [RS_CLOSE_REGION-master:60020-2] regionserver.HRegion: Updates disabled for region hbase:namespace,,1439557211042.23e15aed606563953df7eb87d01b1d59.
2015-08-14 15:02:12,640 INFO  [RS_CLOSE_REGION-master:60020-2] regionserver.HRegion: Started memstore flush for hbase:namespace,,1439557211042.23e15aed606563953df7eb87d01b1d59., current region memstore size 344.0
2015-08-14 15:02:12,645 DEBUG [RS_CLOSE_REGION-master:60020-2] util.FSUtils: DFS Client does not support most favored nodes create; using default create
2015-08-14 15:02:12,651 INFO  [RS_CLOSE_REGION-master:60020-1] regionserver.StoreFile$Reader: Loaded Delete Family Bloom (CompoundBloomFilter) metadata for 783e9867f13340bb97872018efde85c2
2015-08-14 15:02:12,652 INFO  [RS_CLOSE_REGION-master:60020-1] regionserver.HStore: Added hdfs://master:9000/hbase/data/default/bt1/a7b220c234a47eb3b190a629577a59b8/colfam1/783e9867f13340bb97872018efde85c2, entries=11, sequenceid=9, filesize=1.6k
2015-08-14 15:02:12,654 DEBUG [RS_CLOSE_REGION-master:60020-1] regionserver.HRegionFileSystem: Committing store file hdfs://master:9000/hbase/data/default/bt1/a7b220c234a47eb3b190a629577a59b8/.tmp/1e94dc0f53e54370b1237a7fc10f20ed as hdfs://master:9000/hbase/data/default/bt1/a7b220c234a47eb3b190a629577a59b8/sigfam1/1e94dc0f53e54370b1237a7fc10f20ed
2015-08-14 15:02:12,682 INFO  [RS_CLOSE_REGION-master:60020-2] regionserver.DefaultStoreFlusher: Flushed, sequenceid=4, memsize=344.0, hasBloomFilter=true, into tmp file hdfs://master:9000/hbase/data/hbase/namespace/23e15aed606563953df7eb87d01b1d59/.tmp/558d6c69fd004ec2b88233f82d136835
2015-08-14 15:02:12,691 INFO  [RS_CLOSE_REGION-master:60020-1] regionserver.StoreFile$Reader: Loaded Delete Family Bloom (CompoundBloomFilter) metadata for 1e94dc0f53e54370b1237a7fc10f20ed
2015-08-14 15:02:12,691 INFO  [RS_CLOSE_REGION-master:60020-1] regionserver.HStore: Added hdfs://master:9000/hbase/data/default/bt1/a7b220c234a47eb3b190a629577a59b8/sigfam1/1e94dc0f53e54370b1237a7fc10f20ed, entries=1, sequenceid=9, filesize=1.2k
2015-08-14 15:02:12,698 INFO  [RS_CLOSE_REGION-master:60020-1] regionserver.HRegion: Finished memstore flush of ~2.4k/2432, currentsize=0.0/0 for region bt1,k0200,1439557285755.a7b220c234a47eb3b190a629577a59b8. in 528ms, sequenceid=9, compaction requested=false
2015-08-14 15:02:12,704 INFO  [StoreCloserThread-bt1,k0200,1439557285755.a7b220c234a47eb3b190a629577a59b8.-1] regionserver.HStore: Closed colfam1
2015-08-14 15:02:12,710 INFO  [StoreCloserThread-bt1,k0200,1439557285755.a7b220c234a47eb3b190a629577a59b8.-1] regionserver.HStore: Closed sigfam1
2015-08-14 15:02:12,710 INFO  [RS_CLOSE_REGION-master:60020-1] regionserver.HRegion: Closed bt1,k0200,1439557285755.a7b220c234a47eb3b190a629577a59b8.
2015-08-14 15:02:12,710 DEBUG [RS_CLOSE_REGION-master:60020-1] handler.CloseRegionHandler: Closed bt1,k0200,1439557285755.a7b220c234a47eb3b190a629577a59b8.
2015-08-14 15:02:12,723 DEBUG [RS_CLOSE_REGION-master:60020-2] regionserver.HRegionFileSystem: Committing store file hdfs://master:9000/hbase/data/hbase/namespace/23e15aed606563953df7eb87d01b1d59/.tmp/558d6c69fd004ec2b88233f82d136835 as hdfs://master:9000/hbase/data/hbase/namespace/23e15aed606563953df7eb87d01b1d59/info/558d6c69fd004ec2b88233f82d136835
2015-08-14 15:02:12,733 INFO  [RS_CLOSE_REGION-master:60020-0] regionserver.DefaultStoreFlusher: Flushed, sequenceid=15, memsize=4.5k, hasBloomFilter=true, into tmp file hdfs://master:9000/hbase/data/default/bt1/4a352770ca7a29937920a51902c3a1a3/.tmp/005d2c7100bf471d944476a6f4191db9
2015-08-14 15:02:12,751 DEBUG [RS_CLOSE_REGION-master:60020-0] regionserver.HRegionFileSystem: Committing store file hdfs://master:9000/hbase/data/default/bt1/4a352770ca7a29937920a51902c3a1a3/.tmp/005d2c7100bf471d944476a6f4191db9 as hdfs://master:9000/hbase/data/default/bt1/4a352770ca7a29937920a51902c3a1a3/colfam1/005d2c7100bf471d944476a6f4191db9
2015-08-14 15:02:12,754 INFO  [RS_CLOSE_REGION-master:60020-2] regionserver.HStore: Added hdfs://master:9000/hbase/data/hbase/namespace/23e15aed606563953df7eb87d01b1d59/info/558d6c69fd004ec2b88233f82d136835, entries=2, sequenceid=4, filesize=1.0k
2015-08-14 15:02:12,754 INFO  [RS_CLOSE_REGION-master:60020-2] regionserver.HRegion: Finished memstore flush of ~344.0/344, currentsize=0.0/0 for region hbase:namespace,,1439557211042.23e15aed606563953df7eb87d01b1d59. in 114ms, sequenceid=4, compaction requested=false
2015-08-14 15:02:12,755 INFO  [StoreCloserThread-hbase:namespace,,1439557211042.23e15aed606563953df7eb87d01b1d59.-1] regionserver.HStore: Closed info
2015-08-14 15:02:12,755 INFO  [RS_CLOSE_REGION-master:60020-2] regionserver.HRegion: Closed hbase:namespace,,1439557211042.23e15aed606563953df7eb87d01b1d59.
2015-08-14 15:02:12,755 DEBUG [RS_CLOSE_REGION-master:60020-2] handler.CloseRegionHandler: Closed hbase:namespace,,1439557211042.23e15aed606563953df7eb87d01b1d59.
2015-08-14 15:02:12,768 INFO  [RS_CLOSE_REGION-master:60020-0] regionserver.HStore: Added hdfs://master:9000/hbase/data/default/bt1/4a352770ca7a29937920a51902c3a1a3/colfam1/005d2c7100bf471d944476a6f4191db9, entries=26, sequenceid=15, filesize=2.1k
2015-08-14 15:02:12,768 INFO  [RS_CLOSE_REGION-master:60020-0] regionserver.HRegion: Finished memstore flush of ~4.5k/4576, currentsize=0.0/0 for region bt1,k0600,1439557285755.4a352770ca7a29937920a51902c3a1a3. in 581ms, sequenceid=15, compaction requested=false
2015-08-14 15:02:12,769 INFO  [StoreCloserThread-bt1,k0600,1439557285755.4a352770ca7a29937920a51902c3a1a3.-1] regionserver.HStore: Closed colfam1
2015-08-14 15:02:12,769 INFO  [StoreCloserThread-bt1,k0600,1439557285755.4a352770ca7a29937920a51902c3a1a3.-1] regionserver.HStore: Closed sigfam1
2015-08-14 15:02:12,769 INFO  [RS_CLOSE_REGION-master:60020-0] regionserver.HRegion: Closed bt1,k0600,1439557285755.4a352770ca7a29937920a51902c3a1a3.
2015-08-14 15:02:12,769 DEBUG [RS_CLOSE_REGION-master:60020-0] handler.CloseRegionHandler: Closed bt1,k0600,1439557285755.4a352770ca7a29937920a51902c3a1a3.
2015-08-14 15:02:15,172 INFO  [regionserver60020] regionserver.HRegionServer: STOPPED: Exiting; cluster shutdown set and not carrying any regions
2015-08-14 15:02:15,175 INFO  [regionserver60020] ipc.RpcServer: Stopping server on 60020
2015-08-14 15:02:15,176 INFO  [RpcServer.listener,port=60020] ipc.RpcServer: RpcServer.listener,port=60020: stopping
2015-08-14 15:02:15,183 INFO  [RpcServer.responder] ipc.RpcServer: RpcServer.responder: stopped
2015-08-14 15:02:15,183 INFO  [RpcServer.responder] ipc.RpcServer: RpcServer.responder: stopping
2015-08-14 15:02:15,195 INFO  [regionserver60020] regionserver.SplitLogWorker: Sending interrupt to stop the worker thread
2015-08-14 15:02:15,205 INFO  [regionserver60020] regionserver.HRegionServer: Stopping infoServer
2015-08-14 15:02:15,206 INFO  [SplitLogWorker-master,60020,1439557201559] regionserver.SplitLogWorker: SplitLogWorker interrupted while waiting for task, exiting: java.lang.InterruptedException
2015-08-14 15:02:15,206 INFO  [SplitLogWorker-master,60020,1439557201559] regionserver.SplitLogWorker: SplitLogWorker master,60020,1439557201559 exiting
2015-08-14 15:02:15,210 INFO  [regionserver60020] mortbay.log: Stopped SelectChannelConnector@0.0.0.0:60030
2015-08-14 15:02:15,217 INFO  [master,60020,1439557201559-HeapMemoryChore] regionserver.HeapMemoryManager$HeapMemoryChore: master,60020,1439557201559-HeapMemoryChore exiting
2015-08-14 15:02:15,217 INFO  [regionserver60020.logRoller] regionserver.LogRoller: LogRoller exiting.
2015-08-14 15:02:15,217 INFO  [regionserver60020.compactionChecker] regionserver.HRegionServer$CompactionChecker: regionserver60020.compactionChecker exiting
2015-08-14 15:02:15,238 INFO  [regionserver60020] snapshot.RegionServerSnapshotManager: Stopping RegionServerSnapshotManager gracefully.
2015-08-14 15:02:15,238 INFO  [regionserver60020] regionserver.HRegionServer: stopping server master,60020,1439557201559
2015-08-14 15:02:15,238 DEBUG [regionserver60020] catalog.CatalogTracker: Stopping catalog tracker org.apache.hadoop.hbase.catalog.CatalogTracker@29f68ad9
2015-08-14 15:02:15,238 INFO  [regionserver60020] client.HConnectionManager$HConnectionImplementation: Closing zookeeper sessionid=0x14f2c4b96ad0004
2015-08-14 15:02:15,218 INFO  [MemStoreFlusher.1] regionserver.MemStoreFlusher: MemStoreFlusher.1 exiting
2015-08-14 15:02:15,239 INFO  [MemStoreFlusher.0] regionserver.MemStoreFlusher: MemStoreFlusher.0 exiting
2015-08-14 15:02:15,242 INFO  [regionserver60020] zookeeper.ZooKeeper: Session: 0x14f2c4b96ad0004 closed
2015-08-14 15:02:15,243 INFO  [regionserver60020] regionserver.HRegionServer: stopping server master,60020,1439557201559; all regions closed.
2015-08-14 15:02:15,243 DEBUG [regionserver60020-WAL.AsyncNotifier] wal.FSHLog: regionserver60020-WAL.AsyncNotifier interrupted while waiting for  notification from AsyncSyncer thread
2015-08-14 15:02:15,243 INFO  [regionserver60020-WAL.AsyncNotifier] wal.FSHLog: regionserver60020-WAL.AsyncNotifier exiting
2015-08-14 15:02:15,244 DEBUG [regionserver60020-WAL.AsyncSyncer0] wal.FSHLog: regionserver60020-WAL.AsyncSyncer0 interrupted while waiting for notification from AsyncWriter thread
2015-08-14 15:02:15,244 INFO  [regionserver60020-WAL.AsyncSyncer0] wal.FSHLog: regionserver60020-WAL.AsyncSyncer0 exiting
2015-08-14 15:02:15,245 INFO  [regionserver60020.nonceCleaner] regionserver.ServerNonceManager$1: regionserver60020.nonceCleaner exiting
2015-08-14 15:02:15,247 DEBUG [regionserver60020-WAL.AsyncSyncer1] wal.FSHLog: regionserver60020-WAL.AsyncSyncer1 interrupted while waiting for notification from AsyncWriter thread
2015-08-14 15:02:15,247 INFO  [regionserver60020-WAL.AsyncSyncer1] wal.FSHLog: regionserver60020-WAL.AsyncSyncer1 exiting
2015-08-14 15:02:15,249 DEBUG [regionserver60020-WAL.AsyncSyncer2] wal.FSHLog: regionserver60020-WAL.AsyncSyncer2 interrupted while waiting for notification from AsyncWriter thread
2015-08-14 15:02:15,249 INFO  [regionserver60020-WAL.AsyncSyncer2] wal.FSHLog: regionserver60020-WAL.AsyncSyncer2 exiting
2015-08-14 15:02:15,250 INFO  [regionserver60020-EventThread] zookeeper.ClientCnxn: EventThread shut down
2015-08-14 15:02:15,254 DEBUG [regionserver60020-WAL.AsyncSyncer3] wal.FSHLog: regionserver60020-WAL.AsyncSyncer3 interrupted while waiting for notification from AsyncWriter thread
2015-08-14 15:02:15,254 INFO  [regionserver60020-WAL.AsyncSyncer3] wal.FSHLog: regionserver60020-WAL.AsyncSyncer3 exiting
2015-08-14 15:02:15,257 DEBUG [regionserver60020-WAL.AsyncSyncer4] wal.FSHLog: regionserver60020-WAL.AsyncSyncer4 interrupted while waiting for notification from AsyncWriter thread
2015-08-14 15:02:15,257 INFO  [regionserver60020-WAL.AsyncSyncer4] wal.FSHLog: regionserver60020-WAL.AsyncSyncer4 exiting
2015-08-14 15:02:15,257 DEBUG [regionserver60020-WAL.AsyncWriter] wal.FSHLog: regionserver60020-WAL.AsyncWriter interrupted while waiting for newer writes added to local buffer
2015-08-14 15:02:15,257 INFO  [regionserver60020-WAL.AsyncWriter] wal.FSHLog: regionserver60020-WAL.AsyncWriter exiting
2015-08-14 15:02:15,257 DEBUG [regionserver60020] wal.FSHLog: Closing WAL writer in hdfs://master:9000/hbase/WALs/master,60020,1439557201559
2015-08-14 15:02:15,289 DEBUG [regionserver60020] wal.FSHLog: Moved 6 WAL file(s) to /hbase/oldWALs
2015-08-14 15:02:15,294 INFO  [regionserver60020] regionserver.Leases: regionserver60020 closing leases
2015-08-14 15:02:15,294 INFO  [regionserver60020] regionserver.Leases: regionserver60020 closed leases
2015-08-14 15:02:16,504 INFO  [regionserver60020.leaseChecker] regionserver.Leases: regionserver60020.leaseChecker closing leases
2015-08-14 15:02:16,505 INFO  [regionserver60020.leaseChecker] regionserver.Leases: regionserver60020.leaseChecker closed leases
2015-08-14 15:02:16,520 INFO  [regionserver60020.periodicFlusher] regionserver.HRegionServer$PeriodicMemstoreFlusher: regionserver60020.periodicFlusher exiting
2015-08-14 15:02:16,520 INFO  [regionserver60020] regionserver.CompactSplitThread: Waiting for Split Thread to finish...
2015-08-14 15:02:16,520 INFO  [regionserver60020] regionserver.CompactSplitThread: Waiting for Merge Thread to finish...
2015-08-14 15:02:16,520 INFO  [regionserver60020] regionserver.CompactSplitThread: Waiting for Large Compaction Thread to finish...
2015-08-14 15:02:16,520 INFO  [regionserver60020] regionserver.CompactSplitThread: Waiting for Small Compaction Thread to finish...
2015-08-14 15:02:16,537 INFO  [regionserver60020] client.HConnectionManager$HConnectionImplementation: Closing zookeeper sessionid=0x14f2c4b96ad0007
2015-08-14 15:02:16,543 INFO  [regionserver60020] zookeeper.ZooKeeper: Session: 0x14f2c4b96ad0007 closed
2015-08-14 15:02:16,561 INFO  [regionserver60020-EventThread] zookeeper.ClientCnxn: EventThread shut down
2015-08-14 15:02:16,567 INFO  [regionserver60020-EventThread] zookeeper.ClientCnxn: EventThread shut down
2015-08-14 15:02:16,567 INFO  [regionserver60020] zookeeper.ZooKeeper: Session: 0x14f2c4b96ad0002 closed
2015-08-14 15:02:16,567 INFO  [regionserver60020] regionserver.HRegionServer: stopping server master,60020,1439557201559; zookeeper connection closed.
2015-08-14 15:02:16,567 INFO  [regionserver60020] regionserver.HRegionServer: regionserver60020 exiting
2015-08-14 15:02:16,599 INFO  [Shutdownhook:regionserver60020] regionserver.ShutdownHook: Shutdown hook starting; hbase.shutdown.hook=true; fsShutdownHook=Thread[Thread-8,5,main]
2015-08-14 15:02:16,599 INFO  [Shutdownhook:regionserver60020] regionserver.ShutdownHook: Starting fs shutdown hook thread.
2015-08-14 15:02:16,604 INFO  [Shutdownhook:regionserver60020] regionserver.ShutdownHook: Shutdown hook finished.
